[1733685430.589][INFO]: Starting ChromeDriver 131.0.6778.87 (ce31cae9487357cfd3bd62984ed5250121a71a23-refs/branch-heads/6778@{#2287}) on port 43349
[1733685430.589][INFO]: Please see https://chromedriver.chromium.org/security-considerations for suggestions on keeping ChromeDriver safe.
[1733685430.591][INFO]: ChromeDriver was started successfully on port 43349
[1733685431.121][INFO]: [26acfcf1f91c21b0f2854a8424f34562] COMMAND InitSession {
   "capabilities": {
      "firstMatch": [ {
         "browserName": "chrome",
         "goog:chromeOptions": {
            "args": [  ],
            "debuggerAddress": "127.0.0.1:9222",
            "extensions": [  ]
         },
         "goog:loggingPrefs": {
            "browser": "INFO",
            "driver": "ALL"
         }
      } ]
   }
}
[1733685431.130][INFO]: [26acfcf1f91c21b0f2854a8424f34562] RESPONSE InitSession {
   "capabilities": {
      "acceptInsecureCerts": false,
      "browserName": "chrome",
      "browserVersion": "131.0.6778.109",
      "chrome": {
         "chromedriverVersion": "131.0.6778.87 (ce31cae9487357cfd3bd62984ed5250121a71a23-refs/branch-heads/6778@{#2287})"
      },
      "fedcm:accounts": true,
      "goog:chromeOptions": {
         "debuggerAddress": "127.0.0.1:9222"
      },
      "pageLoadStrategy": "normal",
      "platformName": "",
      "proxy": {
      },
      "setWindowRect": false,
      "strictFileInteractability": false,
      "timeouts": {
         "implicit": 0,
         "pageLoad": 300000,
         "script": 30000
      },
      "unhandledPromptBehavior": "dismiss and notify",
      "webauthn:extension:credBlob": true,
      "webauthn:extension:largeBlob": true,
      "webauthn:extension:minPinLength": true,
      "webauthn:extension:prf": true,
      "webauthn:virtualAuthenticators": true
   },
   "sessionId": "26acfcf1f91c21b0f2854a8424f34562"
}
[1733685431.193][INFO]: [26acfcf1f91c21b0f2854a8424f34562] COMMAND MaximizeWindow {
}
[1733685431.193][INFO]: Waiting for pending navigations...
[1733685431.194][INFO]: Done waiting for pending navigations. Status: ok
[1733685431.195][INFO]: Waiting for pending navigations...
[1733685431.195][INFO]: Done waiting for pending navigations. Status: ok
[1733685431.195][INFO]: [26acfcf1f91c21b0f2854a8424f34562] RESPONSE MaximizeWindow {
   "height": 1048,
   "width": 1936,
   "x": -8,
   "y": -8
}
[1733685431.200][INFO]: [26acfcf1f91c21b0f2854a8424f34562] COMMAND Navigate {
   "url": "https://calendar.google.com/ "
}
[1733685431.200][INFO]: Waiting for pending navigations...
[1733685431.200][INFO]: Done waiting for pending navigations. Status: ok
[1733685431.675][INFO]: Waiting for pending navigations...
[1733685432.737][INFO]: Done waiting for pending navigations. Status: ok
[1733685432.737][INFO]: [26acfcf1f91c21b0f2854a8424f34562] RESPONSE Navigate
[1733685432.740][INFO]: [26acfcf1f91c21b0f2854a8424f34562] COMMAND GetUrl {
}
[1733685432.740][INFO]: Waiting for pending navigations...
[1733685432.740][INFO]: Done waiting for pending navigations. Status: ok
[1733685432.741][INFO]: Waiting for pending navigations...
[1733685432.741][INFO]: Done waiting for pending navigations. Status: ok
[1733685432.741][INFO]: [26acfcf1f91c21b0f2854a8424f34562] RESPONSE GetUrl "https://calendar.google.com/calendar/u/0/r"
[1733685432.743][INFO]: [26acfcf1f91c21b0f2854a8424f34562] COMMAND FindElement {
   "using": "xpath",
   "value": "//button[@aria-describedby='VjyWCf']"
}
[1733685432.743][INFO]: Waiting for pending navigations...
[1733685432.743][INFO]: Done waiting for pending navigations. Status: ok
[1733685432.747][INFO]: Waiting for pending navigations...
[1733685432.747][INFO]: Done waiting for pending navigations. Status: ok
[1733685432.747][INFO]: [26acfcf1f91c21b0f2854a8424f34562] RESPONSE FindElement {
   "element-6066-11e4-a52e-4f735466cecf": "f.5020E64054BC68781E95A0365C95B527.d.8797F47DFE90723EE6811AA4E76E3F89.e.82497"
}
[1733685432.750][INFO]: [26acfcf1f91c21b0f2854a8424f34562] COMMAND ClickElement {
   "id": "f.5020E64054BC68781E95A0365C95B527.d.8797F47DFE90723EE6811AA4E76E3F89.e.82497"
}
[1733685432.750][INFO]: Waiting for pending navigations...
[1733685432.750][INFO]: Done waiting for pending navigations. Status: ok
[1733685432.790][INFO]: Waiting for pending navigations...
[1733685432.792][INFO]: Done waiting for pending navigations. Status: ok
[1733685432.792][INFO]: [26acfcf1f91c21b0f2854a8424f34562] RESPONSE ClickElement
[1733685432.797][INFO]: [26acfcf1f91c21b0f2854a8424f34562] COMMAND FindElement {
   "using": "xpath",
   "value": "//li[@data-accelerator='M']"
}
[1733685432.797][INFO]: Waiting for pending navigations...
[1733685432.798][INFO]: Done waiting for pending navigations. Status: ok
[1733685432.818][INFO]: Waiting for pending navigations...
[1733685432.824][INFO]: Done waiting for pending navigations. Status: ok
[1733685432.824][INFO]: [26acfcf1f91c21b0f2854a8424f34562] RESPONSE FindElement {
   "element-6066-11e4-a52e-4f735466cecf": "f.5020E64054BC68781E95A0365C95B527.d.8797F47DFE90723EE6811AA4E76E3F89.e.82498"
}
[1733685432.829][INFO]: [26acfcf1f91c21b0f2854a8424f34562] COMMAND ExecuteScript {
   "args": [ {
      "element-6066-11e4-a52e-4f735466cecf": "f.5020E64054BC68781E95A0365C95B527.d.8797F47DFE90723EE6811AA4E76E3F89.e.82498"
   } ],
   "script": "/* isDisplayed */return (function(){return (function(){var g=this||self;\nfunction aa(a){var b=typeof a;if(\"object\"==b)if(a){if(a instanceof Array)return\"array\";if(a instanceof Object)return b;var c=Object.prototype.toString.call(a);if(\"[object Window]\"==c)return\"object\";if(\"[object Array]\"==c||\"number\"==typeof a.length&&\"undefined\"!=typeof a.splice&&\"undefined\"!=typeof a.propertyIsEnumerable&&!a.propertyIsEnumerable(\"splice\"))return\"array\";if(\"[object Function]\"==c||\"undefined\"!=typeof a.call&&\"undefined\"!=typeof a.propertyIsEnumerable&&!a.propertyIsEnumerable(\"call\"))return\"function\"}else return\"null\";else if(\"function\"==\nb&&\"undefined\"==typeof a.call)return\"object\";return b}function ca(a,b){function c(){}c.prototype=b.prototype;a.prototype=new c;a.prototype.constructor=a};var da=Array.prototype.indexOf?function(a,b){return Array.prototype.indexOf.call(a,b,void 0)}:function(a,b){if(\"string\"===typeof a)return\"string\"!==typeof b||1!=b.length?-1:a.indexOf(b,0);for(var c=0;c\u003Ca.length;c++)if(c in a&&a[c]===b)return c;return-1},ea=Array.prototype.some?function(a,b){return Array.prototype.some.call(a,b,void 0)}:function(a,b){for(var c=a.length,e=\"string\"===typeof a?a.split(\"\"):a,d=0;d\u003Cc;d++)if(d in e&&b.call(void 0,e[d],d,a))return!0;return!1},fa=Array.prototype.every?function(a,\nb){return Array.prototype.every.call(a,b,void 0)}:function(a,b){for(var c=a.length,e=\"string\"===typeof a?a.split(\"\"):a,d=0;d\u003Cc;d++)if(d in e&&!b.call(void 0,e[d],d,a))return!1;return!0};var ha={aliceblue:\"#f0f8ff\",antiquewhite:\"#faebd7\",aqua:\"#00ffff\",aquamarine:\"#7fffd4\",azure:\"#f0ffff\",beige:\"#f5f5dc\",bisque:\"#ffe4c4\",black:\"#000000\",blanchedalmond:\"#ffebcd\",blue:\"#0000ff\",blueviolet:\"#8a2be2\",brown:\"#a52a2a\",burlywood:\"#deb887\",cadetblue:\"#5f9ea0\",chartreuse:\"#7fff00\",chocolate:\"#d2691e\",coral:\"#ff7f50\",cornflowerblue:\"#6495ed\",cornsilk:\"#fff8dc\",crimson:\"#dc143c\",cyan:\"#00ffff\",darkblue:\"#00008b\",darkcyan:\"#008b8b\",darkgoldenrod:\"#b8860b\",darkgray:\"#a9a9a9\",darkgreen:\"#006400\",\ndarkgrey:\"#a9a9a9\",darkkhaki:\"#bdb76b\",darkmagenta:\"#8b008b\",darkolivegreen:\"#556b2f\",darkorange:\"#ff8c00\",darkorchid:\"#9932cc\",darkred:\"#8b0000\",darksalmon:\"#e9967a\",darkseagreen:\"#8fbc8f\",darkslateblue:\"#483d8b\",darkslategray:\"#2f4f4f\",darkslategrey:\"#2f4f4f\",darkturquoise:\"#00ced1\",darkviolet:\"#9400d3\",deeppink:\"#ff1493\",deepskyblue:\"#00bfff\",dimgray:\"#696969\",dimgrey:\"#696969\",dodgerblue:\"#1e90ff\",firebrick:\"#b22222\",floralwhite:\"#fffaf0\",forestgreen:\"#228b22\",fuchsia:\"#ff00ff\",gainsboro:\"#dcdcdc\",\nghostwhite:\"#f8f8ff\",gold:\"#ffd700\",goldenrod:\"#daa520\",gray:\"#808080\",green:\"#008000\",greenyellow:\"#adff2f\",grey:\"#808080\",honeydew:\"#f0fff0\",hotpink:\"#ff69b4\",indianred:\"#cd5c5c\",indigo:\"#4b0082\",ivory:\"#fffff0\",khaki:\"#f0e68c\",lavender:\"#e6e6fa\",lavenderblush:\"#fff0f5\",lawngreen:\"#7cfc00\",lemonchiffon:\"#fffacd\",lightblue:\"#add8e6\",lightcoral:\"#f08080\",lightcyan:\"#e0ffff\",lightgoldenrodyellow:\"#fafad2\",lightgray:\"#d3d3d3\",lightgreen:\"#90ee90\",lightgrey:\"#d3d3d3\",lightpink:\"#ffb6c1\",lightsalmon:\"#ffa07a\",\nlightseagreen:\"#20b2aa\",lightskyblue:\"#87cefa\",lightslategray:\"#778899\",lightslategrey:\"#778899\",lightsteelblue:\"#b0c4de\",lightyellow:\"#ffffe0\",lime:\"#00ff00\",limegreen:\"#32cd32\",linen:\"#faf0e6\",magenta:\"#ff00ff\",maroon:\"#800000\",mediumaquamarine:\"#66cdaa\",mediumblue:\"#0000cd\",mediumorchid:\"#ba55d3\",mediumpurple:\"#9370db\",mediumseagreen:\"#3cb371\",mediumslateblue:\"#7b68ee\",mediumspringgreen:\"#00fa9a\",mediumturquoise:\"#48d1cc\",mediumvioletred:\"#c71585\",midnightblue:\"#191970\",mintcream:\"#f5fffa\",mistyrose:\"#ffe4e1\",\nmoccasin:\"#ffe4b5\",navajowhite:\"#ffdead\",navy:\"#000080\",oldlace:\"#fdf5e6\",olive:\"#808000\",olivedrab:\"#6b8e23\",orange:\"#ffa500\",orangered:\"#ff4500\",orchid:\"#da70d6\",palegoldenrod:\"#eee8aa\",palegreen:\"#98fb98\",paleturquoise:\"#afeeee\",palevioletred:\"#db7093\",papayawhip:\"#ffefd5\",peachpuff:\"#ffdab9\",peru:\"#cd853f\",pink:\"#ffc0cb\",plum:\"#dda0dd\",powderblue:\"#b0e0e6\",purple:\"#800080\",red:\"#ff0000\",rosybrown:\"#bc8f8f\",royalblue:\"#4169e1\",saddlebrown:\"#8b4513\",salmon:\"#fa8072\",sandybrown:\"#f4a460\",seagreen:\"#2e8b57\",\nseashell:\"#fff5ee\",sienna:\"#a0522d\",silver:\"#c0c0c0\",skyblue:\"#87ceeb\",slateblue:\"#6a5acd\",slategray:\"#708090\",slategrey:\"#708090\",snow:\"#fffafa\",springgreen:\"#00ff7f\",steelblue:\"#4682b4\",tan:\"#d2b48c\",teal:\"#008080\",thistle:\"#d8bfd8\",tomato:\"#ff6347\",turquoise:\"#40e0d0\",violet:\"#ee82ee\",wheat:\"#f5deb3\",white:\"#ffffff\",whitesmoke:\"#f5f5f5\",yellow:\"#ffff00\",yellowgreen:\"#9acd32\"};var ia=\"backgroundColor borderTopColor borderRightColor borderBottomColor borderLeftColor color outlineColor\".split(\" \"),ja=/#([0-9a-fA-F])([0-9a-fA-F])([0-9a-fA-F])/,ka=/^#(?:[0-9a-f]{3}){1,2}$/i,la=/^(?:rgba)?\\((\\d{1,3}),\\s?(\\d{1,3}),\\s?(\\d{1,3}),\\s?(0|1|0\\.\\d*)\\)$/i,ma=/^(?:rgb)?\\((0|[1-9]\\d{0,2}),\\s?(0|[1-9]\\d{0,2}),\\s?(0|[1-9]\\d{0,2})\\)$/i;function m(a,b){this.code=a;this.a=p[a]||r;this.message=b||\"\";a=this.a.replace(/((?:^|\\s+)[a-z])/g,function(c){return c.toUpperCase().replace(/^[\\s\\xa0]+/g,\"\")});b=a.length-5;if(0>b||a.indexOf(\"Error\",b)!=b)a+=\"Error\";this.name=a;a=Error(this.message);a.name=this.name;this.stack=a.stack||\"\"}ca(m,Error);var r=\"unknown error\",p={15:\"element not selectable\",11:\"element not visible\"};p[31]=r;p[30]=r;p[24]=\"invalid cookie domain\";p[29]=\"invalid element coordinates\";p[12]=\"invalid element state\";\np[32]=\"invalid selector\";p[51]=\"invalid selector\";p[52]=\"invalid selector\";p[17]=\"javascript error\";p[405]=\"unsupported operation\";p[34]=\"move target out of bounds\";p[27]=\"no such alert\";p[7]=\"no such element\";p[8]=\"no such frame\";p[23]=\"no such window\";p[28]=\"script timeout\";p[33]=\"session not created\";p[10]=\"stale element reference\";p[21]=\"timeout\";p[25]=\"unable to set cookie\";p[26]=\"unexpected alert open\";p[13]=r;p[9]=\"unknown command\";var u=String.prototype.trim?function(a){return a.trim()}:function(a){return/^[\\s\\xa0]*([\\s\\S]*?)[\\s\\xa0]*$/.exec(a)[1]};\nfunction na(a,b){var c=0;a=u(String(a)).split(\".\");b=u(String(b)).split(\".\");for(var e=Math.max(a.length,b.length),d=0;0==c&&d\u003Ce;d++){var f=a[d]||\"\",h=b[d]||\"\";do{f=/(\\d*)(\\D*)(.*)/.exec(f)||[\"\",\"\",\"\",\"\"];h=/(\\d*)(\\D*)(.*)/.exec(h)||[\"\",\"\",\"\",\"\"];if(0==f[0].length&&0==h[0].length)break;c=v(0==f[1].length?0:parseInt(f[1],10),0==h[1].length?0:parseInt(h[1],10))||v(0==f[2].length,0==h[2].length)||v(f[2],h[2]);f=f[3];h=h[3]}while(0==c)}return c}function v(a,b){return a\u003Cb?-1:a>b?1:0};var w;a:{var oa=g.navigator;if(oa){var sa=oa.userAgent;if(sa){w=sa;break a}}w=\"\"}function x(a){return-1!=w.indexOf(a)};function y(){return x(\"Firefox\")||x(\"FxiOS\")}function A(){return(x(\"Chrome\")||x(\"CriOS\"))&&!x(\"Edge\")};function ta(a){return String(a).replace(/\\-([a-z])/g,function(b,c){return c.toUpperCase()})};function B(){return x(\"iPhone\")&&!x(\"iPod\")&&!x(\"iPad\")};function ua(a,b){var c=va;return Object.prototype.hasOwnProperty.call(c,a)?c[a]:c[a]=b(a)};var wa=x(\"Opera\"),C=x(\"Trident\")||x(\"MSIE\"),xa=x(\"Edge\"),ya=x(\"Gecko\")&&!(-1!=w.toLowerCase().indexOf(\"webkit\")&&!x(\"Edge\"))&&!(x(\"Trident\")||x(\"MSIE\"))&&!x(\"Edge\"),za=-1!=w.toLowerCase().indexOf(\"webkit\")&&!x(\"Edge\");function Aa(){var a=g.document;return a?a.documentMode:void 0}var E;\na:{var F=\"\",G=function(){var a=w;if(ya)return/rv:([^\\);]+)(\\)|;)/.exec(a);if(xa)return/Edge\\/([\\d\\.]+)/.exec(a);if(C)return/\\b(?:MSIE|rv)[: ]([^\\);]+)(\\)|;)/.exec(a);if(za)return/WebKit\\/(\\S+)/.exec(a);if(wa)return/(?:Version)[ \\/]?(\\S+)/.exec(a)}();G&&(F=G?G[1]:\"\");if(C){var H=Aa();if(null!=H&&H>parseFloat(F)){E=String(H);break a}}E=F}var va={};function Ba(a){return ua(a,function(){return 0\u003C=na(E,a)})}var I;I=g.document&&C?Aa():void 0;var Ca=y(),Da=B()||x(\"iPod\"),Ea=x(\"iPad\"),Fa=x(\"Android\")&&!(A()||y()||x(\"Opera\")||x(\"Silk\")),Ga=A(),Ha=x(\"Safari\")&&!(A()||x(\"Coast\")||x(\"Opera\")||x(\"Edge\")||x(\"Edg/\")||x(\"OPR\")||y()||x(\"Silk\")||x(\"Android\"))&&!(B()||x(\"iPad\")||x(\"iPod\"));function J(a){return(a=a.exec(w))?a[1]:\"\"}(function(){if(Ca)return J(/Firefox\\/([0-9.]+)/);if(C||xa||wa)return E;if(Ga)return B()||x(\"iPad\")||x(\"iPod\")?J(/CriOS\\/([0-9.]+)/):J(/Chrome\\/([0-9.]+)/);if(Ha&&!(B()||x(\"iPad\")||x(\"iPod\")))return J(/Version\\/([0-9.]+)/);if(Da||Ea){var a=/Version\\/(\\S+).*Mobile\\/(\\S+)/.exec(w);if(a)return a[1]+\".\"+a[2]}else if(Fa)return(a=J(/Android\\s+([0-9.]+)/))?a:J(/Version\\/([0-9.]+)/);return\"\"})();var K;if(K=C)K=!(9\u003C=Number(I));var Ia=K;function L(a,b){this.x=void 0!==a?a:0;this.y=void 0!==b?b:0}L.prototype.ceil=function(){this.x=Math.ceil(this.x);this.y=Math.ceil(this.y);return this};L.prototype.floor=function(){this.x=Math.floor(this.x);this.y=Math.floor(this.y);return this};L.prototype.round=function(){this.x=Math.round(this.x);this.y=Math.round(this.y);return this};function M(a,b){this.width=a;this.height=b}M.prototype.aspectRatio=function(){return this.width/this.height};M.prototype.ceil=function(){this.width=Math.ceil(this.width);this.height=Math.ceil(this.height);return this};M.prototype.floor=function(){this.width=Math.floor(this.width);this.height=Math.floor(this.height);return this};M.prototype.round=function(){this.width=Math.round(this.width);this.height=Math.round(this.height);return this};function N(a){return 9==a.nodeType?a:a.ownerDocument||a.document}function Ja(a,b){a&&(a=a.parentNode);for(var c=0;a;){if(b(a))return a;a=a.parentNode;c++}return null}function Ka(a){this.a=a||g.document||document};function P(a,b){b&&\"string\"!==typeof b&&(b=b.toString());return!!a&&1==a.nodeType&&(!b||a.tagName.toUpperCase()==b)};function Q(a,b,c,e){this.f=a;this.a=b;this.b=c;this.c=e}Q.prototype.ceil=function(){this.f=Math.ceil(this.f);this.a=Math.ceil(this.a);this.b=Math.ceil(this.b);this.c=Math.ceil(this.c);return this};Q.prototype.floor=function(){this.f=Math.floor(this.f);this.a=Math.floor(this.a);this.b=Math.floor(this.b);this.c=Math.floor(this.c);return this};Q.prototype.round=function(){this.f=Math.round(this.f);this.a=Math.round(this.a);this.b=Math.round(this.b);this.c=Math.round(this.c);return this};function R(a,b,c,e){this.a=a;this.b=b;this.width=c;this.height=e}R.prototype.ceil=function(){this.a=Math.ceil(this.a);this.b=Math.ceil(this.b);this.width=Math.ceil(this.width);this.height=Math.ceil(this.height);return this};R.prototype.floor=function(){this.a=Math.floor(this.a);this.b=Math.floor(this.b);this.width=Math.floor(this.width);this.height=Math.floor(this.height);return this};\nR.prototype.round=function(){this.a=Math.round(this.a);this.b=Math.round(this.b);this.width=Math.round(this.width);this.height=Math.round(this.height);return this};var La=\"function\"===typeof ShadowRoot;function S(a){for(a=a.parentNode;a&&1!=a.nodeType&&9!=a.nodeType&&11!=a.nodeType;)a=a.parentNode;return P(a)?a:null}\nfunction T(a,b){b=ta(b);if(\"float\"==b||\"cssFloat\"==b||\"styleFloat\"==b)b=Ia?\"styleFloat\":\"cssFloat\";a:{var c=b;var e=N(a);if(e.defaultView&&e.defaultView.getComputedStyle&&(e=e.defaultView.getComputedStyle(a,null))){c=e[c]||e.getPropertyValue(c)||\"\";break a}c=\"\"}a=c||Ma(a,b);if(null===a)a=null;else if(0\u003C=da(ia,b)){b:{var d=a.match(la);if(d&&(b=Number(d[1]),c=Number(d[2]),e=Number(d[3]),d=Number(d[4]),0\u003C=b&&255>=b&&0\u003C=c&&255>=c&&0\u003C=e&&255>=e&&0\u003C=d&&1>=d)){b=[b,c,e,d];break b}b=null}if(!b)b:{if(e=a.match(ma))if(b=\nNumber(e[1]),c=Number(e[2]),e=Number(e[3]),0\u003C=b&&255>=b&&0\u003C=c&&255>=c&&0\u003C=e&&255>=e){b=[b,c,e,1];break b}b=null}if(!b)b:{b=a.toLowerCase();c=ha[b.toLowerCase()];if(!c&&(c=\"#\"==b.charAt(0)?b:\"#\"+b,4==c.length&&(c=c.replace(ja,\"#$1$1$2$2$3$3\")),!ka.test(c))){b=null;break b}b=[parseInt(c.substr(1,2),16),parseInt(c.substr(3,2),16),parseInt(c.substr(5,2),16),1]}a=b?\"rgba(\"+b.join(\", \")+\")\":a}return a}\nfunction Ma(a,b){var c=a.currentStyle||a.style,e=c[b];void 0===e&&\"function\"==aa(c.getPropertyValue)&&(e=c.getPropertyValue(b));return\"inherit\"!=e?void 0!==e?e:null:(a=S(a))?Ma(a,b):null}\nfunction U(a,b,c){function e(h){var n=V(h);return 0\u003Cn.height&&0\u003Cn.width?!0:P(h,\"PATH\")&&(0\u003Cn.height||0\u003Cn.width)?(h=T(h,\"stroke-width\"),!!h&&0\u003CparseInt(h,10)):\"hidden\"!=T(h,\"overflow\")&&ea(h.childNodes,function(D){return 3==D.nodeType||P(D)&&e(D)})}function d(h){return Na(h)==W&&fa(h.childNodes,function(n){return!P(n)||d(n)||!e(n)})}if(!P(a))throw Error(\"Argument to isShown must be of type Element\");if(P(a,\"BODY\"))return!0;if(P(a,\"OPTION\")||P(a,\"OPTGROUP\"))return a=Ja(a,function(h){return P(h,\"SELECT\")}),\n!!a&&U(a,!0,c);var f=Oa(a);if(f)return!!f.image&&0\u003Cf.rect.width&&0\u003Cf.rect.height&&U(f.image,b,c);if(P(a,\"INPUT\")&&\"hidden\"==a.type.toLowerCase()||P(a,\"NOSCRIPT\"))return!1;f=T(a,\"visibility\");return\"collapse\"!=f&&\"hidden\"!=f&&c(a)&&(b||0!=Pa(a))&&e(a)?!d(a):!1}var W=\"hidden\";\nfunction Na(a){function b(k){function l(ba){if(ba==h)return!0;var pa=T(ba,\"display\");return 0==pa.lastIndexOf(\"inline\",0)||\"contents\"==pa||\"absolute\"==qa&&\"static\"==T(ba,\"position\")?!1:!0}var qa=T(k,\"position\");if(\"fixed\"==qa)return ra=!0,k==h?null:h;for(k=S(k);k&&!l(k);)k=S(k);return k}function c(k){var l=k;if(\"visible\"==D)if(k==h&&n)l=n;else if(k==n)return{x:\"visible\",y:\"visible\"};l={x:T(l,\"overflow-x\"),y:T(l,\"overflow-y\")};k==h&&(l.x=\"visible\"==l.x?\"auto\":l.x,l.y=\"visible\"==l.y?\"auto\":l.y);return l}\nfunction e(k){if(k==h){var l=(new Ka(f)).a;k=l.scrollingElement?l.scrollingElement:za||\"CSS1Compat\"!=l.compatMode?l.body||l.documentElement:l.documentElement;l=l.parentWindow||l.defaultView;k=C&&Ba(\"10\")&&l.pageYOffset!=k.scrollTop?new L(k.scrollLeft,k.scrollTop):new L(l.pageXOffset||k.scrollLeft,l.pageYOffset||k.scrollTop)}else k=new L(k.scrollLeft,k.scrollTop);return k}var d=Qa(a),f=N(a),h=f.documentElement,n=f.body,D=T(h,\"overflow\"),ra;for(a=b(a);a;a=b(a)){var q=c(a);if(\"visible\"!=q.x||\"visible\"!=\nq.y){var t=V(a);if(0==t.width||0==t.height)return W;var z=d.a\u003Ct.a,O=d.b\u003Ct.b;if(z&&\"hidden\"==q.x||O&&\"hidden\"==q.y)return W;if(z&&\"visible\"!=q.x||O&&\"visible\"!=q.y){z=e(a);O=d.b\u003Ct.b-z.y;if(d.a\u003Ct.a-z.x&&\"visible\"!=q.x||O&&\"visible\"!=q.x)return W;d=Na(a);return d==W?W:\"scroll\"}z=d.c>=t.a+t.width;t=d.f>=t.b+t.height;if(z&&\"hidden\"==q.x||t&&\"hidden\"==q.y)return W;if(z&&\"visible\"!=q.x||t&&\"visible\"!=q.y){if(ra&&(q=e(a),d.c>=h.scrollWidth-q.x||d.a>=h.scrollHeight-q.y))return W;d=Na(a);return d==W?W:\"scroll\"}}}return\"none\"}\nfunction V(a){var b=Oa(a);if(b)return b.rect;if(P(a,\"HTML\"))return a=N(a),a=((a?a.parentWindow||a.defaultView:window)||window).document,a=\"CSS1Compat\"==a.compatMode?a.documentElement:a.body,a=new M(a.clientWidth,a.clientHeight),new R(0,0,a.width,a.height);try{var c=a.getBoundingClientRect()}catch(e){return new R(0,0,0,0)}b=new R(c.left,c.top,c.right-c.left,c.bottom-c.top);C&&a.ownerDocument.body&&(a=N(a),b.a-=a.documentElement.clientLeft+a.body.clientLeft,b.b-=a.documentElement.clientTop+a.body.clientTop);\nreturn b}\nfunction Oa(a){var b=P(a,\"MAP\");if(!b&&!P(a,\"AREA\"))return null;var c=b?a:P(a.parentNode,\"MAP\")?a.parentNode:null,e=null,d=null;if(c&&c.name){e='*[usemap=\"#'+c.name+'\"]';c=N(c);var f;if(f=\"function\"!=aa(c.querySelector)&&C&&(C?0\u003C=na(I,8):Ba(8))){f=c.querySelector;var h=typeof f;f=!(\"object\"==h&&null!=f||\"function\"==h)}if(f)throw Error(\"CSS selection is not supported\");if(!e)throw new m(32,\"No selector specified\");e=u(e);try{var n=c.querySelector(e)}catch(D){throw new m(32,\"An invalid or illegal selector was specified\");}if(e=\nn&&1==n.nodeType?n:null)d=V(e),b||\"default\"==a.shape.toLowerCase()||(a=Ra(a),b=Math.min(Math.max(a.a,0),d.width),n=Math.min(Math.max(a.b,0),d.height),d=new R(b+d.a,n+d.b,Math.min(a.width,d.width-b),Math.min(a.height,d.height-n)))}return{image:e,rect:d||new R(0,0,0,0)}}\nfunction Ra(a){var b=a.shape.toLowerCase();a=a.coords.split(\",\");if(\"rect\"==b&&4==a.length){b=a[0];var c=a[1];return new R(b,c,a[2]-b,a[3]-c)}if(\"circle\"==b&&3==a.length)return b=a[2],new R(a[0]-b,a[1]-b,2*b,2*b);if(\"poly\"==b&&2\u003Ca.length){b=a[0];c=a[1];for(var e=b,d=c,f=2;f+1\u003Ca.length;f+=2)b=Math.min(b,a[f]),e=Math.max(e,a[f]),c=Math.min(c,a[f+1]),d=Math.max(d,a[f+1]);return new R(b,c,e-b,d-c)}return new R(0,0,0,0)}function Qa(a){a=V(a);return new Q(a.b,a.a+a.width,a.b+a.height,a.a)}\nfunction Pa(a){if(Ia){if(\"relative\"==T(a,\"position\"))return 1;a=T(a,\"filter\");return(a=a.match(/^alpha\\(opacity=(\\d*)\\)/)||a.match(/^progid:DXImageTransform.Microsoft.Alpha\\(Opacity=(\\d*)\\)/))?Number(a[1])/100:1}return Sa(a)}function Sa(a){var b=1,c=T(a,\"opacity\");c&&(b=Number(c));(a=S(a))&&(b*=Sa(a));return b};function Ta(a,b){function c(e){if(P(e)&&\"none\"==T(e,\"display\"))return!1;var d;if((d=e.parentNode)&&d.shadowRoot&&void 0!==e.assignedSlot)d=e.assignedSlot?e.assignedSlot.parentNode:null;else if(e.getDestinationInsertionPoints){var f=e.getDestinationInsertionPoints();0\u003Cf.length&&(d=f[f.length-1])}if(La&&d instanceof ShadowRoot){if(d.host.shadowRoot&&d.host.shadowRoot!==d)return!1;d=d.host}return!d||9!=d.nodeType&&11!=d.nodeType?d&&P(d,\"DETAILS\")&&!d.open&&!P(e,\"SUMMARY\")?!1:!!d&&c(d):!0}return U(a,\n!!b,c)}var X=[\"_\"],Y=g;X[0]in Y||\"undefined\"==typeof Y.execScript||Y.execScript(\"var \"+X[0]);for(var Z;X.length&&(Z=X.shift());)X.length||void 0===Ta?Y[Z]&&Y[Z]!==Object.prototype[Z]?Y=Y[Z]:Y=Y[Z]={}:Y[Z]=Ta;; return this._.apply(null,arguments);}).apply({navigator:typeof window!='undefined'?window.navigator:null,document:typeof window!='undefined'?window.document:null}, arguments);}\n).apply(null, arguments);"
}
[1733685432.829][INFO]: Waiting for pending navigations...
[1733685432.829][INFO]: Done waiting for pending navigations. Status: ok
[1733685432.833][INFO]: Waiting for pending navigations...
[1733685432.834][INFO]: Done waiting for pending navigations. Status: ok
[1733685432.834][INFO]: [26acfcf1f91c21b0f2854a8424f34562] RESPONSE ExecuteScript true
[1733685432.836][INFO]: [26acfcf1f91c21b0f2854a8424f34562] COMMAND FindElement {
   "using": "xpath",
   "value": "//li[@data-accelerator='M']"
}
[1733685432.836][INFO]: Waiting for pending navigations...
[1733685432.836][INFO]: Done waiting for pending navigations. Status: ok
[1733685432.839][INFO]: Waiting for pending navigations...
[1733685432.839][INFO]: Done waiting for pending navigations. Status: ok
[1733685432.839][INFO]: [26acfcf1f91c21b0f2854a8424f34562] RESPONSE FindElement {
   "element-6066-11e4-a52e-4f735466cecf": "f.5020E64054BC68781E95A0365C95B527.d.8797F47DFE90723EE6811AA4E76E3F89.e.82498"
}
[1733685432.841][INFO]: [26acfcf1f91c21b0f2854a8424f34562] COMMAND ClickElement {
   "id": "f.5020E64054BC68781E95A0365C95B527.d.8797F47DFE90723EE6811AA4E76E3F89.e.82498"
}
[1733685432.841][INFO]: Waiting for pending navigations...
[1733685432.841][INFO]: Done waiting for pending navigations. Status: ok
[1733685432.875][INFO]: Waiting for pending navigations...
[1733685432.875][INFO]: Done waiting for pending navigations. Status: ok
[1733685432.875][INFO]: [26acfcf1f91c21b0f2854a8424f34562] RESPONSE ClickElement
[1733685432.877][INFO]: [26acfcf1f91c21b0f2854a8424f34562] COMMAND GetElementText {
   "id": "f.5020E64054BC68781E95A0365C95B527.d.8797F47DFE90723EE6811AA4E76E3F89.e.82498"
}
[1733685432.877][INFO]: Waiting for pending navigations...
[1733685432.878][INFO]: Done waiting for pending navigations. Status: ok
[1733685432.881][INFO]: Waiting for pending navigations...
[1733685432.905][INFO]: Done waiting for pending navigations. Status: ok
[1733685432.905][INFO]: [26acfcf1f91c21b0f2854a8424f34562] RESPONSE GetElementText "Month\nM"
[1733685432.907][INFO]: [26acfcf1f91c21b0f2854a8424f34562] COMMAND FindElement {
   "using": "xpath",
   "value": "/html/body/div[2]/div[1]/div[1]/div[1]/div/div[1]/button/span[5]"
}
[1733685432.907][INFO]: Waiting for pending navigations...
[1733685432.908][INFO]: Done waiting for pending navigations. Status: ok
[1733685432.910][INFO]: Waiting for pending navigations...
[1733685432.911][INFO]: Done waiting for pending navigations. Status: ok
[1733685432.911][INFO]: [26acfcf1f91c21b0f2854a8424f34562] RESPONSE FindElement {
   "element-6066-11e4-a52e-4f735466cecf": "f.5020E64054BC68781E95A0365C95B527.d.8797F47DFE90723EE6811AA4E76E3F89.e.82502"
}
[1733685432.918][INFO]: [26acfcf1f91c21b0f2854a8424f34562] COMMAND PerformActions {
   "actions": [ {
      "actions": [ {
         "duration": 100,
         "origin": {
            "element-6066-11e4-a52e-4f735466cecf": "f.5020E64054BC68781E95A0365C95B527.d.8797F47DFE90723EE6811AA4E76E3F89.e.82502"
         },
         "type": "pointerMove",
         "x": 0,
         "y": 0
      }, {
         "button": 0,
         "type": "pointerDown"
      }, {
         "button": 0,
         "type": "pointerUp"
      } ],
      "id": "default mouse",
      "parameters": {
         "pointerType": "mouse"
      },
      "type": "pointer"
   } ]
}
[1733685432.918][INFO]: Waiting for pending navigations...
[1733685432.919][INFO]: Done waiting for pending navigations. Status: ok
[1733685433.040][INFO]: Waiting for pending navigations...
[1733685433.040][INFO]: Done waiting for pending navigations. Status: ok
[1733685433.040][INFO]: [26acfcf1f91c21b0f2854a8424f34562] RESPONSE PerformActions
[1733685433.045][INFO]: [26acfcf1f91c21b0f2854a8424f34562] COMMAND FindElement {
   "using": "xpath",
   "value": "//*[@id=\"ucc-1\"]/div/ul/li[2]"
}
[1733685433.045][INFO]: Waiting for pending navigations...
[1733685433.045][INFO]: Done waiting for pending navigations. Status: ok
[1733685433.048][INFO]: Waiting for pending navigations...
[1733685433.050][INFO]: Done waiting for pending navigations. Status: ok
[1733685433.050][INFO]: [26acfcf1f91c21b0f2854a8424f34562] RESPONSE FindElement {
   "element-6066-11e4-a52e-4f735466cecf": "f.5020E64054BC68781E95A0365C95B527.d.8797F47DFE90723EE6811AA4E76E3F89.e.82504"
}
[1733685433.052][INFO]: [26acfcf1f91c21b0f2854a8424f34562] COMMAND ClickElement {
   "id": "f.5020E64054BC68781E95A0365C95B527.d.8797F47DFE90723EE6811AA4E76E3F89.e.82504"
}
[1733685433.052][INFO]: Waiting for pending navigations...
[1733685433.052][INFO]: Done waiting for pending navigations. Status: ok
[1733685433.084][INFO]: Waiting for pending navigations...
[1733685433.086][INFO]: Done waiting for pending navigations. Status: ok
[1733685433.086][INFO]: [26acfcf1f91c21b0f2854a8424f34562] RESPONSE ClickElement
[1733685434.089][INFO]: [26acfcf1f91c21b0f2854a8424f34562] COMMAND FindElement {
   "using": "xpath",
   "value": "//input[@aria-label='Add title']"
}
[1733685434.089][INFO]: Waiting for pending navigations...
[1733685434.089][INFO]: Done waiting for pending navigations. Status: ok
[1733685434.093][INFO]: Waiting for pending navigations...
[1733685434.093][INFO]: Done waiting for pending navigations. Status: ok
[1733685434.093][INFO]: [26acfcf1f91c21b0f2854a8424f34562] RESPONSE FindElement {
   "element-6066-11e4-a52e-4f735466cecf": "f.5020E64054BC68781E95A0365C95B527.d.8797F47DFE90723EE6811AA4E76E3F89.e.82509"
}
[1733685434.095][INFO]: [26acfcf1f91c21b0f2854a8424f34562] COMMAND ExecuteScript {
   "args": [ {
      "element-6066-11e4-a52e-4f735466cecf": "f.5020E64054BC68781E95A0365C95B527.d.8797F47DFE90723EE6811AA4E76E3F89.e.82509"
   } ],
   "script": "arguments[0].value='';"
}
[1733685434.095][INFO]: Waiting for pending navigations...
[1733685434.095][INFO]: Done waiting for pending navigations. Status: ok
[1733685434.096][INFO]: Waiting for pending navigations...
[1733685434.097][INFO]: Done waiting for pending navigations. Status: ok
[1733685434.097][INFO]: [26acfcf1f91c21b0f2854a8424f34562] RESPONSE ExecuteScript null
[1733685435.112][INFO]: [26acfcf1f91c21b0f2854a8424f34562] COMMAND ClickElement {
   "id": "f.5020E64054BC68781E95A0365C95B527.d.8797F47DFE90723EE6811AA4E76E3F89.e.82509"
}
[1733685435.112][INFO]: Waiting for pending navigations...
[1733685435.113][INFO]: Done waiting for pending navigations. Status: ok
[1733685435.145][INFO]: Waiting for pending navigations...
[1733685435.147][INFO]: Done waiting for pending navigations. Status: ok
[1733685435.147][INFO]: [26acfcf1f91c21b0f2854a8424f34562] RESPONSE ClickElement
[1733685435.152][INFO]: [26acfcf1f91c21b0f2854a8424f34562] COMMAND TypeElement {
   "id": "f.5020E64054BC68781E95A0365C95B527.d.8797F47DFE90723EE6811AA4E76E3F89.e.82509",
   "text": "Crio INTV Task Automation",
   "value": [ "C", "r", "i", "o", " ", "I", "N", "T", "V", " ", "T", "a", "s", "k", " ", "A", "u", "t", "o", "m", "a", "t", "i", "o", "n" ]
}
[1733685435.152][INFO]: Waiting for pending navigations...
[1733685435.153][INFO]: Done waiting for pending navigations. Status: ok
[1733685435.194][INFO]: Waiting for pending navigations...
[1733685435.196][INFO]: Done waiting for pending navigations. Status: ok
[1733685435.196][INFO]: [26acfcf1f91c21b0f2854a8424f34562] RESPONSE TypeElement
[1733685435.198][INFO]: [26acfcf1f91c21b0f2854a8424f34562] COMMAND FindElement {
   "using": "xpath",
   "value": "//textarea[@placeholder='Add description']"
}
[1733685435.198][INFO]: Waiting for pending navigations...
[1733685435.198][INFO]: Done waiting for pending navigations. Status: ok
[1733685435.201][INFO]: Waiting for pending navigations...
[1733685435.202][INFO]: Done waiting for pending navigations. Status: ok
[1733685435.202][INFO]: [26acfcf1f91c21b0f2854a8424f34562] RESPONSE FindElement {
   "element-6066-11e4-a52e-4f735466cecf": "f.5020E64054BC68781E95A0365C95B527.d.8797F47DFE90723EE6811AA4E76E3F89.e.82513"
}
[1733685435.203][INFO]: [26acfcf1f91c21b0f2854a8424f34562] COMMAND ExecuteScript {
   "args": [ {
      "element-6066-11e4-a52e-4f735466cecf": "f.5020E64054BC68781E95A0365C95B527.d.8797F47DFE90723EE6811AA4E76E3F89.e.82513"
   } ],
   "script": "arguments[0].value='';"
}
[1733685435.203][INFO]: Waiting for pending navigations...
[1733685435.203][INFO]: Done waiting for pending navigations. Status: ok
[1733685435.205][INFO]: Waiting for pending navigations...
[1733685435.205][INFO]: Done waiting for pending navigations. Status: ok
[1733685435.205][INFO]: [26acfcf1f91c21b0f2854a8424f34562] RESPONSE ExecuteScript null
[1733685435.206][INFO]: [26acfcf1f91c21b0f2854a8424f34562] COMMAND ClickElement {
   "id": "f.5020E64054BC68781E95A0365C95B527.d.8797F47DFE90723EE6811AA4E76E3F89.e.82513"
}
[1733685435.206][INFO]: Waiting for pending navigations...
[1733685435.206][INFO]: Done waiting for pending navigations. Status: ok
[1733685435.234][INFO]: Waiting for pending navigations...
[1733685435.240][INFO]: Done waiting for pending navigations. Status: ok
[1733685435.240][INFO]: [26acfcf1f91c21b0f2854a8424f34562] RESPONSE ClickElement
[1733685435.242][INFO]: [26acfcf1f91c21b0f2854a8424f34562] COMMAND TypeElement {
   "id": "f.5020E64054BC68781E95A0365C95B527.d.8797F47DFE90723EE6811AA4E76E3F89.e.82513",
   "text": "Crio INTV Calendar Task Automation",
   "value": [ "C", "r", "i", "o", " ", "I", "N", "T", "V", " ", "C", "a", "l", "e", "n", "d", "a", "r", " ", "T", "a", "s", "k", " ", "A", "u", "t", "o", "m", "a", "t", "i", "o", "n" ]
}
[1733685435.242][INFO]: Waiting for pending navigations...
[1733685435.243][INFO]: Done waiting for pending navigations. Status: ok
[1733685435.299][INFO]: Waiting for pending navigations...
[1733685435.303][INFO]: Done waiting for pending navigations. Status: ok
[1733685435.303][INFO]: [26acfcf1f91c21b0f2854a8424f34562] RESPONSE TypeElement
[1733685435.304][INFO]: [26acfcf1f91c21b0f2854a8424f34562] COMMAND FindElement {
   "using": "xpath",
   "value": "(//div[@class='VfPpkd-dgl2Hf-ppHlrf-sM5MNb'])[10]/button"
}
[1733685435.304][INFO]: Waiting for pending navigations...
[1733685435.305][INFO]: Done waiting for pending navigations. Status: ok
[1733685435.308][INFO]: Waiting for pending navigations...
[1733685435.308][INFO]: Done waiting for pending navigations. Status: ok
[1733685435.308][INFO]: [26acfcf1f91c21b0f2854a8424f34562] RESPONSE FindElement {
   "element-6066-11e4-a52e-4f735466cecf": "f.5020E64054BC68781E95A0365C95B527.d.8797F47DFE90723EE6811AA4E76E3F89.e.82518"
}
[1733685435.309][INFO]: [26acfcf1f91c21b0f2854a8424f34562] COMMAND ClickElement {
   "id": "f.5020E64054BC68781E95A0365C95B527.d.8797F47DFE90723EE6811AA4E76E3F89.e.82518"
}
[1733685435.309][INFO]: Waiting for pending navigations...
[1733685435.310][INFO]: Done waiting for pending navigations. Status: ok
[1733685435.353][INFO]: Waiting for pending navigations...
[1733685435.366][INFO]: Done waiting for pending navigations. Status: ok
[1733685435.366][INFO]: [26acfcf1f91c21b0f2854a8424f34562] RESPONSE ClickElement
[1733685435.368][INFO]: [26acfcf1f91c21b0f2854a8424f34562] COMMAND FindElement {
   "using": "xpath",
   "value": "//*[@id=\"YPCqFe\"]/div/div/div/div[2]/div[2]/div[3]/div/div[2]/div/div/div"
}
[1733685435.368][INFO]: Waiting for pending navigations...
[1733685435.374][INFO]: Done waiting for pending navigations. Status: ok
[1733685435.380][INFO]: Waiting for pending navigations...
[1733685435.381][INFO]: Done waiting for pending navigations. Status: ok
[1733685435.381][INFO]: [26acfcf1f91c21b0f2854a8424f34562] RESPONSE FindElement {
   "element-6066-11e4-a52e-4f735466cecf": "f.5020E64054BC68781E95A0365C95B527.d.8797F47DFE90723EE6811AA4E76E3F89.e.82519"
}
[1733685435.382][INFO]: [26acfcf1f91c21b0f2854a8424f34562] COMMAND ClickElement {
   "id": "f.5020E64054BC68781E95A0365C95B527.d.8797F47DFE90723EE6811AA4E76E3F89.e.82519"
}
[1733685435.382][INFO]: Waiting for pending navigations...
[1733685435.382][INFO]: Done waiting for pending navigations. Status: ok
[1733685435.416][INFO]: Waiting for pending navigations...
[1733685435.421][INFO]: Done waiting for pending navigations. Status: ok
[1733685435.421][INFO]: [26acfcf1f91c21b0f2854a8424f34562] RESPONSE ClickElement
[1733685436.433][INFO]: [26acfcf1f91c21b0f2854a8424f34562] COMMAND FindElement {
   "using": "xpath",
   "value": "//div[@id='xDetDlgDesc']"
}
[1733685436.433][INFO]: Waiting for pending navigations...
[1733685436.434][INFO]: Done waiting for pending navigations. Status: ok
[1733685436.437][INFO]: Waiting for pending navigations...
[1733685436.438][INFO]: Done waiting for pending navigations. Status: ok
[1733685436.438][INFO]: [26acfcf1f91c21b0f2854a8424f34562] RESPONSE FindElement {
   "element-6066-11e4-a52e-4f735466cecf": "f.5020E64054BC68781E95A0365C95B527.d.8797F47DFE90723EE6811AA4E76E3F89.e.82521"
}
[1733685436.439][INFO]: [26acfcf1f91c21b0f2854a8424f34562] COMMAND GetElementText {
   "id": "f.5020E64054BC68781E95A0365C95B527.d.8797F47DFE90723EE6811AA4E76E3F89.e.82521"
}
[1733685436.439][INFO]: Waiting for pending navigations...
[1733685436.439][INFO]: Done waiting for pending navigations. Status: ok
[1733685436.442][INFO]: Waiting for pending navigations...
[1733685436.443][INFO]: Done waiting for pending navigations. Status: ok
[1733685436.443][INFO]: [26acfcf1f91c21b0f2854a8424f34562] RESPONSE GetElementText "Description:\nCrio INTV Calendar Task Automation"
[1733685436.444][INFO]: [26acfcf1f91c21b0f2854a8424f34562] COMMAND FindElements {
   "using": "xpath",
   "value": "(//div[@role='presentation'])[9]/div"
}
[1733685436.444][INFO]: Waiting for pending navigations...
[1733685436.445][INFO]: Done waiting for pending navigations. Status: ok
[1733685436.447][INFO]: Waiting for pending navigations...
[1733685436.448][INFO]: Done waiting for pending navigations. Status: ok
[1733685436.448][INFO]: [26acfcf1f91c21b0f2854a8424f34562] RESPONSE FindElements [ {
   "element-6066-11e4-a52e-4f735466cecf": "f.5020E64054BC68781E95A0365C95B527.d.8797F47DFE90723EE6811AA4E76E3F89.e.82522"
} ]
[1733685436.450][INFO]: [26acfcf1f91c21b0f2854a8424f34562] COMMAND ClickElement {
   "id": "f.5020E64054BC68781E95A0365C95B527.d.8797F47DFE90723EE6811AA4E76E3F89.e.82522"
}
[1733685436.450][INFO]: Waiting for pending navigations...
[1733685436.450][INFO]: Done waiting for pending navigations. Status: ok
[1733685436.478][INFO]: Waiting for pending navigations...
[1733685436.483][INFO]: Done waiting for pending navigations. Status: ok
[1733685436.483][INFO]: [26acfcf1f91c21b0f2854a8424f34562] RESPONSE ClickElement
[1733685436.484][INFO]: [26acfcf1f91c21b0f2854a8424f34562] COMMAND FindElement {
   "using": "xpath",
   "value": "//*[@id=\"yDmH0d\"]/div/div/div[2]/span/div/div[1]/div/div/div[2]/div[1]/span/button"
}
[1733685436.484][INFO]: Waiting for pending navigations...
[1733685436.486][INFO]: Done waiting for pending navigations. Status: ok
[1733685436.489][INFO]: Waiting for pending navigations...
[1733685436.490][INFO]: Done waiting for pending navigations. Status: ok
[1733685436.490][INFO]: [26acfcf1f91c21b0f2854a8424f34562] RESPONSE FindElement {
   "element-6066-11e4-a52e-4f735466cecf": "f.5020E64054BC68781E95A0365C95B527.d.8797F47DFE90723EE6811AA4E76E3F89.e.82523"
}
[1733685436.493][INFO]: [26acfcf1f91c21b0f2854a8424f34562] COMMAND ExecuteScript {
   "args": [ {
      "element-6066-11e4-a52e-4f735466cecf": "f.5020E64054BC68781E95A0365C95B527.d.8797F47DFE90723EE6811AA4E76E3F89.e.82523"
   } ],
   "script": "/* isDisplayed */return (function(){return (function(){var g=this||self;\nfunction aa(a){var b=typeof a;if(\"object\"==b)if(a){if(a instanceof Array)return\"array\";if(a instanceof Object)return b;var c=Object.prototype.toString.call(a);if(\"[object Window]\"==c)return\"object\";if(\"[object Array]\"==c||\"number\"==typeof a.length&&\"undefined\"!=typeof a.splice&&\"undefined\"!=typeof a.propertyIsEnumerable&&!a.propertyIsEnumerable(\"splice\"))return\"array\";if(\"[object Function]\"==c||\"undefined\"!=typeof a.call&&\"undefined\"!=typeof a.propertyIsEnumerable&&!a.propertyIsEnumerable(\"call\"))return\"function\"}else return\"null\";else if(\"function\"==\nb&&\"undefined\"==typeof a.call)return\"object\";return b}function ca(a,b){function c(){}c.prototype=b.prototype;a.prototype=new c;a.prototype.constructor=a};var da=Array.prototype.indexOf?function(a,b){return Array.prototype.indexOf.call(a,b,void 0)}:function(a,b){if(\"string\"===typeof a)return\"string\"!==typeof b||1!=b.length?-1:a.indexOf(b,0);for(var c=0;c\u003Ca.length;c++)if(c in a&&a[c]===b)return c;return-1},ea=Array.prototype.some?function(a,b){return Array.prototype.some.call(a,b,void 0)}:function(a,b){for(var c=a.length,e=\"string\"===typeof a?a.split(\"\"):a,d=0;d\u003Cc;d++)if(d in e&&b.call(void 0,e[d],d,a))return!0;return!1},fa=Array.prototype.every?function(a,\nb){return Array.prototype.every.call(a,b,void 0)}:function(a,b){for(var c=a.length,e=\"string\"===typeof a?a.split(\"\"):a,d=0;d\u003Cc;d++)if(d in e&&!b.call(void 0,e[d],d,a))return!1;return!0};var ha={aliceblue:\"#f0f8ff\",antiquewhite:\"#faebd7\",aqua:\"#00ffff\",aquamarine:\"#7fffd4\",azure:\"#f0ffff\",beige:\"#f5f5dc\",bisque:\"#ffe4c4\",black:\"#000000\",blanchedalmond:\"#ffebcd\",blue:\"#0000ff\",blueviolet:\"#8a2be2\",brown:\"#a52a2a\",burlywood:\"#deb887\",cadetblue:\"#5f9ea0\",chartreuse:\"#7fff00\",chocolate:\"#d2691e\",coral:\"#ff7f50\",cornflowerblue:\"#6495ed\",cornsilk:\"#fff8dc\",crimson:\"#dc143c\",cyan:\"#00ffff\",darkblue:\"#00008b\",darkcyan:\"#008b8b\",darkgoldenrod:\"#b8860b\",darkgray:\"#a9a9a9\",darkgreen:\"#006400\",\ndarkgrey:\"#a9a9a9\",darkkhaki:\"#bdb76b\",darkmagenta:\"#8b008b\",darkolivegreen:\"#556b2f\",darkorange:\"#ff8c00\",darkorchid:\"#9932cc\",darkred:\"#8b0000\",darksalmon:\"#e9967a\",darkseagreen:\"#8fbc8f\",darkslateblue:\"#483d8b\",darkslategray:\"#2f4f4f\",darkslategrey:\"#2f4f4f\",darkturquoise:\"#00ced1\",darkviolet:\"#9400d3\",deeppink:\"#ff1493\",deepskyblue:\"#00bfff\",dimgray:\"#696969\",dimgrey:\"#696969\",dodgerblue:\"#1e90ff\",firebrick:\"#b22222\",floralwhite:\"#fffaf0\",forestgreen:\"#228b22\",fuchsia:\"#ff00ff\",gainsboro:\"#dcdcdc\",\nghostwhite:\"#f8f8ff\",gold:\"#ffd700\",goldenrod:\"#daa520\",gray:\"#808080\",green:\"#008000\",greenyellow:\"#adff2f\",grey:\"#808080\",honeydew:\"#f0fff0\",hotpink:\"#ff69b4\",indianred:\"#cd5c5c\",indigo:\"#4b0082\",ivory:\"#fffff0\",khaki:\"#f0e68c\",lavender:\"#e6e6fa\",lavenderblush:\"#fff0f5\",lawngreen:\"#7cfc00\",lemonchiffon:\"#fffacd\",lightblue:\"#add8e6\",lightcoral:\"#f08080\",lightcyan:\"#e0ffff\",lightgoldenrodyellow:\"#fafad2\",lightgray:\"#d3d3d3\",lightgreen:\"#90ee90\",lightgrey:\"#d3d3d3\",lightpink:\"#ffb6c1\",lightsalmon:\"#ffa07a\",\nlightseagreen:\"#20b2aa\",lightskyblue:\"#87cefa\",lightslategray:\"#778899\",lightslategrey:\"#778899\",lightsteelblue:\"#b0c4de\",lightyellow:\"#ffffe0\",lime:\"#00ff00\",limegreen:\"#32cd32\",linen:\"#faf0e6\",magenta:\"#ff00ff\",maroon:\"#800000\",mediumaquamarine:\"#66cdaa\",mediumblue:\"#0000cd\",mediumorchid:\"#ba55d3\",mediumpurple:\"#9370db\",mediumseagreen:\"#3cb371\",mediumslateblue:\"#7b68ee\",mediumspringgreen:\"#00fa9a\",mediumturquoise:\"#48d1cc\",mediumvioletred:\"#c71585\",midnightblue:\"#191970\",mintcream:\"#f5fffa\",mistyrose:\"#ffe4e1\",\nmoccasin:\"#ffe4b5\",navajowhite:\"#ffdead\",navy:\"#000080\",oldlace:\"#fdf5e6\",olive:\"#808000\",olivedrab:\"#6b8e23\",orange:\"#ffa500\",orangered:\"#ff4500\",orchid:\"#da70d6\",palegoldenrod:\"#eee8aa\",palegreen:\"#98fb98\",paleturquoise:\"#afeeee\",palevioletred:\"#db7093\",papayawhip:\"#ffefd5\",peachpuff:\"#ffdab9\",peru:\"#cd853f\",pink:\"#ffc0cb\",plum:\"#dda0dd\",powderblue:\"#b0e0e6\",purple:\"#800080\",red:\"#ff0000\",rosybrown:\"#bc8f8f\",royalblue:\"#4169e1\",saddlebrown:\"#8b4513\",salmon:\"#fa8072\",sandybrown:\"#f4a460\",seagreen:\"#2e8b57\",\nseashell:\"#fff5ee\",sienna:\"#a0522d\",silver:\"#c0c0c0\",skyblue:\"#87ceeb\",slateblue:\"#6a5acd\",slategray:\"#708090\",slategrey:\"#708090\",snow:\"#fffafa\",springgreen:\"#00ff7f\",steelblue:\"#4682b4\",tan:\"#d2b48c\",teal:\"#008080\",thistle:\"#d8bfd8\",tomato:\"#ff6347\",turquoise:\"#40e0d0\",violet:\"#ee82ee\",wheat:\"#f5deb3\",white:\"#ffffff\",whitesmoke:\"#f5f5f5\",yellow:\"#ffff00\",yellowgreen:\"#9acd32\"};var ia=\"backgroundColor borderTopColor borderRightColor borderBottomColor borderLeftColor color outlineColor\".split(\" \"),ja=/#([0-9a-fA-F])([0-9a-fA-F])([0-9a-fA-F])/,ka=/^#(?:[0-9a-f]{3}){1,2}$/i,la=/^(?:rgba)?\\((\\d{1,3}),\\s?(\\d{1,3}),\\s?(\\d{1,3}),\\s?(0|1|0\\.\\d*)\\)$/i,ma=/^(?:rgb)?\\((0|[1-9]\\d{0,2}),\\s?(0|[1-9]\\d{0,2}),\\s?(0|[1-9]\\d{0,2})\\)$/i;function m(a,b){this.code=a;this.a=p[a]||r;this.message=b||\"\";a=this.a.replace(/((?:^|\\s+)[a-z])/g,function(c){return c.toUpperCase().replace(/^[\\s\\xa0]+/g,\"\")});b=a.length-5;if(0>b||a.indexOf(\"Error\",b)!=b)a+=\"Error\";this.name=a;a=Error(this.message);a.name=this.name;this.stack=a.stack||\"\"}ca(m,Error);var r=\"unknown error\",p={15:\"element not selectable\",11:\"element not visible\"};p[31]=r;p[30]=r;p[24]=\"invalid cookie domain\";p[29]=\"invalid element coordinates\";p[12]=\"invalid element state\";\np[32]=\"invalid selector\";p[51]=\"invalid selector\";p[52]=\"invalid selector\";p[17]=\"javascript error\";p[405]=\"unsupported operation\";p[34]=\"move target out of bounds\";p[27]=\"no such alert\";p[7]=\"no such element\";p[8]=\"no such frame\";p[23]=\"no such window\";p[28]=\"script timeout\";p[33]=\"session not created\";p[10]=\"stale element reference\";p[21]=\"timeout\";p[25]=\"unable to set cookie\";p[26]=\"unexpected alert open\";p[13]=r;p[9]=\"unknown command\";var u=String.prototype.trim?function(a){return a.trim()}:function(a){return/^[\\s\\xa0]*([\\s\\S]*?)[\\s\\xa0]*$/.exec(a)[1]};\nfunction na(a,b){var c=0;a=u(String(a)).split(\".\");b=u(String(b)).split(\".\");for(var e=Math.max(a.length,b.length),d=0;0==c&&d\u003Ce;d++){var f=a[d]||\"\",h=b[d]||\"\";do{f=/(\\d*)(\\D*)(.*)/.exec(f)||[\"\",\"\",\"\",\"\"];h=/(\\d*)(\\D*)(.*)/.exec(h)||[\"\",\"\",\"\",\"\"];if(0==f[0].length&&0==h[0].length)break;c=v(0==f[1].length?0:parseInt(f[1],10),0==h[1].length?0:parseInt(h[1],10))||v(0==f[2].length,0==h[2].length)||v(f[2],h[2]);f=f[3];h=h[3]}while(0==c)}return c}function v(a,b){return a\u003Cb?-1:a>b?1:0};var w;a:{var oa=g.navigator;if(oa){var sa=oa.userAgent;if(sa){w=sa;break a}}w=\"\"}function x(a){return-1!=w.indexOf(a)};function y(){return x(\"Firefox\")||x(\"FxiOS\")}function A(){return(x(\"Chrome\")||x(\"CriOS\"))&&!x(\"Edge\")};function ta(a){return String(a).replace(/\\-([a-z])/g,function(b,c){return c.toUpperCase()})};function B(){return x(\"iPhone\")&&!x(\"iPod\")&&!x(\"iPad\")};function ua(a,b){var c=va;return Object.prototype.hasOwnProperty.call(c,a)?c[a]:c[a]=b(a)};var wa=x(\"Opera\"),C=x(\"Trident\")||x(\"MSIE\"),xa=x(\"Edge\"),ya=x(\"Gecko\")&&!(-1!=w.toLowerCase().indexOf(\"webkit\")&&!x(\"Edge\"))&&!(x(\"Trident\")||x(\"MSIE\"))&&!x(\"Edge\"),za=-1!=w.toLowerCase().indexOf(\"webkit\")&&!x(\"Edge\");function Aa(){var a=g.document;return a?a.documentMode:void 0}var E;\na:{var F=\"\",G=function(){var a=w;if(ya)return/rv:([^\\);]+)(\\)|;)/.exec(a);if(xa)return/Edge\\/([\\d\\.]+)/.exec(a);if(C)return/\\b(?:MSIE|rv)[: ]([^\\);]+)(\\)|;)/.exec(a);if(za)return/WebKit\\/(\\S+)/.exec(a);if(wa)return/(?:Version)[ \\/]?(\\S+)/.exec(a)}();G&&(F=G?G[1]:\"\");if(C){var H=Aa();if(null!=H&&H>parseFloat(F)){E=String(H);break a}}E=F}var va={};function Ba(a){return ua(a,function(){return 0\u003C=na(E,a)})}var I;I=g.document&&C?Aa():void 0;var Ca=y(),Da=B()||x(\"iPod\"),Ea=x(\"iPad\"),Fa=x(\"Android\")&&!(A()||y()||x(\"Opera\")||x(\"Silk\")),Ga=A(),Ha=x(\"Safari\")&&!(A()||x(\"Coast\")||x(\"Opera\")||x(\"Edge\")||x(\"Edg/\")||x(\"OPR\")||y()||x(\"Silk\")||x(\"Android\"))&&!(B()||x(\"iPad\")||x(\"iPod\"));function J(a){return(a=a.exec(w))?a[1]:\"\"}(function(){if(Ca)return J(/Firefox\\/([0-9.]+)/);if(C||xa||wa)return E;if(Ga)return B()||x(\"iPad\")||x(\"iPod\")?J(/CriOS\\/([0-9.]+)/):J(/Chrome\\/([0-9.]+)/);if(Ha&&!(B()||x(\"iPad\")||x(\"iPod\")))return J(/Version\\/([0-9.]+)/);if(Da||Ea){var a=/Version\\/(\\S+).*Mobile\\/(\\S+)/.exec(w);if(a)return a[1]+\".\"+a[2]}else if(Fa)return(a=J(/Android\\s+([0-9.]+)/))?a:J(/Version\\/([0-9.]+)/);return\"\"})();var K;if(K=C)K=!(9\u003C=Number(I));var Ia=K;function L(a,b){this.x=void 0!==a?a:0;this.y=void 0!==b?b:0}L.prototype.ceil=function(){this.x=Math.ceil(this.x);this.y=Math.ceil(this.y);return this};L.prototype.floor=function(){this.x=Math.floor(this.x);this.y=Math.floor(this.y);return this};L.prototype.round=function(){this.x=Math.round(this.x);this.y=Math.round(this.y);return this};function M(a,b){this.width=a;this.height=b}M.prototype.aspectRatio=function(){return this.width/this.height};M.prototype.ceil=function(){this.width=Math.ceil(this.width);this.height=Math.ceil(this.height);return this};M.prototype.floor=function(){this.width=Math.floor(this.width);this.height=Math.floor(this.height);return this};M.prototype.round=function(){this.width=Math.round(this.width);this.height=Math.round(this.height);return this};function N(a){return 9==a.nodeType?a:a.ownerDocument||a.document}function Ja(a,b){a&&(a=a.parentNode);for(var c=0;a;){if(b(a))return a;a=a.parentNode;c++}return null}function Ka(a){this.a=a||g.document||document};function P(a,b){b&&\"string\"!==typeof b&&(b=b.toString());return!!a&&1==a.nodeType&&(!b||a.tagName.toUpperCase()==b)};function Q(a,b,c,e){this.f=a;this.a=b;this.b=c;this.c=e}Q.prototype.ceil=function(){this.f=Math.ceil(this.f);this.a=Math.ceil(this.a);this.b=Math.ceil(this.b);this.c=Math.ceil(this.c);return this};Q.prototype.floor=function(){this.f=Math.floor(this.f);this.a=Math.floor(this.a);this.b=Math.floor(this.b);this.c=Math.floor(this.c);return this};Q.prototype.round=function(){this.f=Math.round(this.f);this.a=Math.round(this.a);this.b=Math.round(this.b);this.c=Math.round(this.c);return this};function R(a,b,c,e){this.a=a;this.b=b;this.width=c;this.height=e}R.prototype.ceil=function(){this.a=Math.ceil(this.a);this.b=Math.ceil(this.b);this.width=Math.ceil(this.width);this.height=Math.ceil(this.height);return this};R.prototype.floor=function(){this.a=Math.floor(this.a);this.b=Math.floor(this.b);this.width=Math.floor(this.width);this.height=Math.floor(this.height);return this};\nR.prototype.round=function(){this.a=Math.round(this.a);this.b=Math.round(this.b);this.width=Math.round(this.width);this.height=Math.round(this.height);return this};var La=\"function\"===typeof ShadowRoot;function S(a){for(a=a.parentNode;a&&1!=a.nodeType&&9!=a.nodeType&&11!=a.nodeType;)a=a.parentNode;return P(a)?a:null}\nfunction T(a,b){b=ta(b);if(\"float\"==b||\"cssFloat\"==b||\"styleFloat\"==b)b=Ia?\"styleFloat\":\"cssFloat\";a:{var c=b;var e=N(a);if(e.defaultView&&e.defaultView.getComputedStyle&&(e=e.defaultView.getComputedStyle(a,null))){c=e[c]||e.getPropertyValue(c)||\"\";break a}c=\"\"}a=c||Ma(a,b);if(null===a)a=null;else if(0\u003C=da(ia,b)){b:{var d=a.match(la);if(d&&(b=Number(d[1]),c=Number(d[2]),e=Number(d[3]),d=Number(d[4]),0\u003C=b&&255>=b&&0\u003C=c&&255>=c&&0\u003C=e&&255>=e&&0\u003C=d&&1>=d)){b=[b,c,e,d];break b}b=null}if(!b)b:{if(e=a.match(ma))if(b=\nNumber(e[1]),c=Number(e[2]),e=Number(e[3]),0\u003C=b&&255>=b&&0\u003C=c&&255>=c&&0\u003C=e&&255>=e){b=[b,c,e,1];break b}b=null}if(!b)b:{b=a.toLowerCase();c=ha[b.toLowerCase()];if(!c&&(c=\"#\"==b.charAt(0)?b:\"#\"+b,4==c.length&&(c=c.replace(ja,\"#$1$1$2$2$3$3\")),!ka.test(c))){b=null;break b}b=[parseInt(c.substr(1,2),16),parseInt(c.substr(3,2),16),parseInt(c.substr(5,2),16),1]}a=b?\"rgba(\"+b.join(\", \")+\")\":a}return a}\nfunction Ma(a,b){var c=a.currentStyle||a.style,e=c[b];void 0===e&&\"function\"==aa(c.getPropertyValue)&&(e=c.getPropertyValue(b));return\"inherit\"!=e?void 0!==e?e:null:(a=S(a))?Ma(a,b):null}\nfunction U(a,b,c){function e(h){var n=V(h);return 0\u003Cn.height&&0\u003Cn.width?!0:P(h,\"PATH\")&&(0\u003Cn.height||0\u003Cn.width)?(h=T(h,\"stroke-width\"),!!h&&0\u003CparseInt(h,10)):\"hidden\"!=T(h,\"overflow\")&&ea(h.childNodes,function(D){return 3==D.nodeType||P(D)&&e(D)})}function d(h){return Na(h)==W&&fa(h.childNodes,function(n){return!P(n)||d(n)||!e(n)})}if(!P(a))throw Error(\"Argument to isShown must be of type Element\");if(P(a,\"BODY\"))return!0;if(P(a,\"OPTION\")||P(a,\"OPTGROUP\"))return a=Ja(a,function(h){return P(h,\"SELECT\")}),\n!!a&&U(a,!0,c);var f=Oa(a);if(f)return!!f.image&&0\u003Cf.rect.width&&0\u003Cf.rect.height&&U(f.image,b,c);if(P(a,\"INPUT\")&&\"hidden\"==a.type.toLowerCase()||P(a,\"NOSCRIPT\"))return!1;f=T(a,\"visibility\");return\"collapse\"!=f&&\"hidden\"!=f&&c(a)&&(b||0!=Pa(a))&&e(a)?!d(a):!1}var W=\"hidden\";\nfunction Na(a){function b(k){function l(ba){if(ba==h)return!0;var pa=T(ba,\"display\");return 0==pa.lastIndexOf(\"inline\",0)||\"contents\"==pa||\"absolute\"==qa&&\"static\"==T(ba,\"position\")?!1:!0}var qa=T(k,\"position\");if(\"fixed\"==qa)return ra=!0,k==h?null:h;for(k=S(k);k&&!l(k);)k=S(k);return k}function c(k){var l=k;if(\"visible\"==D)if(k==h&&n)l=n;else if(k==n)return{x:\"visible\",y:\"visible\"};l={x:T(l,\"overflow-x\"),y:T(l,\"overflow-y\")};k==h&&(l.x=\"visible\"==l.x?\"auto\":l.x,l.y=\"visible\"==l.y?\"auto\":l.y);return l}\nfunction e(k){if(k==h){var l=(new Ka(f)).a;k=l.scrollingElement?l.scrollingElement:za||\"CSS1Compat\"!=l.compatMode?l.body||l.documentElement:l.documentElement;l=l.parentWindow||l.defaultView;k=C&&Ba(\"10\")&&l.pageYOffset!=k.scrollTop?new L(k.scrollLeft,k.scrollTop):new L(l.pageXOffset||k.scrollLeft,l.pageYOffset||k.scrollTop)}else k=new L(k.scrollLeft,k.scrollTop);return k}var d=Qa(a),f=N(a),h=f.documentElement,n=f.body,D=T(h,\"overflow\"),ra;for(a=b(a);a;a=b(a)){var q=c(a);if(\"visible\"!=q.x||\"visible\"!=\nq.y){var t=V(a);if(0==t.width||0==t.height)return W;var z=d.a\u003Ct.a,O=d.b\u003Ct.b;if(z&&\"hidden\"==q.x||O&&\"hidden\"==q.y)return W;if(z&&\"visible\"!=q.x||O&&\"visible\"!=q.y){z=e(a);O=d.b\u003Ct.b-z.y;if(d.a\u003Ct.a-z.x&&\"visible\"!=q.x||O&&\"visible\"!=q.x)return W;d=Na(a);return d==W?W:\"scroll\"}z=d.c>=t.a+t.width;t=d.f>=t.b+t.height;if(z&&\"hidden\"==q.x||t&&\"hidden\"==q.y)return W;if(z&&\"visible\"!=q.x||t&&\"visible\"!=q.y){if(ra&&(q=e(a),d.c>=h.scrollWidth-q.x||d.a>=h.scrollHeight-q.y))return W;d=Na(a);return d==W?W:\"scroll\"}}}return\"none\"}\nfunction V(a){var b=Oa(a);if(b)return b.rect;if(P(a,\"HTML\"))return a=N(a),a=((a?a.parentWindow||a.defaultView:window)||window).document,a=\"CSS1Compat\"==a.compatMode?a.documentElement:a.body,a=new M(a.clientWidth,a.clientHeight),new R(0,0,a.width,a.height);try{var c=a.getBoundingClientRect()}catch(e){return new R(0,0,0,0)}b=new R(c.left,c.top,c.right-c.left,c.bottom-c.top);C&&a.ownerDocument.body&&(a=N(a),b.a-=a.documentElement.clientLeft+a.body.clientLeft,b.b-=a.documentElement.clientTop+a.body.clientTop);\nreturn b}\nfunction Oa(a){var b=P(a,\"MAP\");if(!b&&!P(a,\"AREA\"))return null;var c=b?a:P(a.parentNode,\"MAP\")?a.parentNode:null,e=null,d=null;if(c&&c.name){e='*[usemap=\"#'+c.name+'\"]';c=N(c);var f;if(f=\"function\"!=aa(c.querySelector)&&C&&(C?0\u003C=na(I,8):Ba(8))){f=c.querySelector;var h=typeof f;f=!(\"object\"==h&&null!=f||\"function\"==h)}if(f)throw Error(\"CSS selection is not supported\");if(!e)throw new m(32,\"No selector specified\");e=u(e);try{var n=c.querySelector(e)}catch(D){throw new m(32,\"An invalid or illegal selector was specified\");}if(e=\nn&&1==n.nodeType?n:null)d=V(e),b||\"default\"==a.shape.toLowerCase()||(a=Ra(a),b=Math.min(Math.max(a.a,0),d.width),n=Math.min(Math.max(a.b,0),d.height),d=new R(b+d.a,n+d.b,Math.min(a.width,d.width-b),Math.min(a.height,d.height-n)))}return{image:e,rect:d||new R(0,0,0,0)}}\nfunction Ra(a){var b=a.shape.toLowerCase();a=a.coords.split(\",\");if(\"rect\"==b&&4==a.length){b=a[0];var c=a[1];return new R(b,c,a[2]-b,a[3]-c)}if(\"circle\"==b&&3==a.length)return b=a[2],new R(a[0]-b,a[1]-b,2*b,2*b);if(\"poly\"==b&&2\u003Ca.length){b=a[0];c=a[1];for(var e=b,d=c,f=2;f+1\u003Ca.length;f+=2)b=Math.min(b,a[f]),e=Math.max(e,a[f]),c=Math.min(c,a[f+1]),d=Math.max(d,a[f+1]);return new R(b,c,e-b,d-c)}return new R(0,0,0,0)}function Qa(a){a=V(a);return new Q(a.b,a.a+a.width,a.b+a.height,a.a)}\nfunction Pa(a){if(Ia){if(\"relative\"==T(a,\"position\"))return 1;a=T(a,\"filter\");return(a=a.match(/^alpha\\(opacity=(\\d*)\\)/)||a.match(/^progid:DXImageTransform.Microsoft.Alpha\\(Opacity=(\\d*)\\)/))?Number(a[1])/100:1}return Sa(a)}function Sa(a){var b=1,c=T(a,\"opacity\");c&&(b=Number(c));(a=S(a))&&(b*=Sa(a));return b};function Ta(a,b){function c(e){if(P(e)&&\"none\"==T(e,\"display\"))return!1;var d;if((d=e.parentNode)&&d.shadowRoot&&void 0!==e.assignedSlot)d=e.assignedSlot?e.assignedSlot.parentNode:null;else if(e.getDestinationInsertionPoints){var f=e.getDestinationInsertionPoints();0\u003Cf.length&&(d=f[f.length-1])}if(La&&d instanceof ShadowRoot){if(d.host.shadowRoot&&d.host.shadowRoot!==d)return!1;d=d.host}return!d||9!=d.nodeType&&11!=d.nodeType?d&&P(d,\"DETAILS\")&&!d.open&&!P(e,\"SUMMARY\")?!1:!!d&&c(d):!0}return U(a,\n!!b,c)}var X=[\"_\"],Y=g;X[0]in Y||\"undefined\"==typeof Y.execScript||Y.execScript(\"var \"+X[0]);for(var Z;X.length&&(Z=X.shift());)X.length||void 0===Ta?Y[Z]&&Y[Z]!==Object.prototype[Z]?Y=Y[Z]:Y=Y[Z]={}:Y[Z]=Ta;; return this._.apply(null,arguments);}).apply({navigator:typeof window!='undefined'?window.navigator:null,document:typeof window!='undefined'?window.document:null}, arguments);}\n).apply(null, arguments);"
}
[1733685436.493][INFO]: Waiting for pending navigations...
[1733685436.493][INFO]: Done waiting for pending navigations. Status: ok
[1733685436.496][INFO]: Waiting for pending navigations...
[1733685436.496][INFO]: Done waiting for pending navigations. Status: ok
[1733685436.496][INFO]: [26acfcf1f91c21b0f2854a8424f34562] RESPONSE ExecuteScript true
[1733685436.497][INFO]: [26acfcf1f91c21b0f2854a8424f34562] COMMAND ClickElement {
   "id": "f.5020E64054BC68781E95A0365C95B527.d.8797F47DFE90723EE6811AA4E76E3F89.e.82523"
}
[1733685436.497][INFO]: Waiting for pending navigations...
[1733685436.498][INFO]: Done waiting for pending navigations. Status: ok
[1733685436.540][INFO]: Waiting for pending navigations...
[1733685436.556][INFO]: Done waiting for pending navigations. Status: ok
[1733685436.556][INFO]: [26acfcf1f91c21b0f2854a8424f34562] RESPONSE ClickElement
[1733685437.566][INFO]: [26acfcf1f91c21b0f2854a8424f34562] COMMAND FindElement {
   "using": "xpath",
   "value": "//textarea[@placeholder='Add description']"
}
[1733685437.566][INFO]: Waiting for pending navigations...
[1733685437.566][INFO]: Done waiting for pending navigations. Status: ok
[1733685437.570][INFO]: Waiting for pending navigations...
[1733685437.570][INFO]: Done waiting for pending navigations. Status: ok
[1733685437.570][INFO]: [26acfcf1f91c21b0f2854a8424f34562] RESPONSE FindElement {
   "element-6066-11e4-a52e-4f735466cecf": "f.5020E64054BC68781E95A0365C95B527.d.8797F47DFE90723EE6811AA4E76E3F89.e.82530"
}
[1733685437.571][INFO]: [26acfcf1f91c21b0f2854a8424f34562] COMMAND ExecuteScript {
   "args": [ {
      "element-6066-11e4-a52e-4f735466cecf": "f.5020E64054BC68781E95A0365C95B527.d.8797F47DFE90723EE6811AA4E76E3F89.e.82530"
   } ],
   "script": "arguments[0].value='';"
}
[1733685437.571][INFO]: Waiting for pending navigations...
[1733685437.572][INFO]: Done waiting for pending navigations. Status: ok
[1733685437.573][INFO]: Waiting for pending navigations...
[1733685437.575][INFO]: Done waiting for pending navigations. Status: ok
[1733685437.575][INFO]: [26acfcf1f91c21b0f2854a8424f34562] RESPONSE ExecuteScript null
[1733685437.576][INFO]: [26acfcf1f91c21b0f2854a8424f34562] COMMAND ClickElement {
   "id": "f.5020E64054BC68781E95A0365C95B527.d.8797F47DFE90723EE6811AA4E76E3F89.e.82530"
}
[1733685437.576][INFO]: Waiting for pending navigations...
[1733685437.576][INFO]: Done waiting for pending navigations. Status: ok
[1733685437.603][INFO]: Waiting for pending navigations...
[1733685437.605][INFO]: Done waiting for pending navigations. Status: ok
[1733685437.605][INFO]: [26acfcf1f91c21b0f2854a8424f34562] RESPONSE ClickElement
[1733685437.607][INFO]: [26acfcf1f91c21b0f2854a8424f34562] COMMAND ExecuteScript {
   "args": [ {
      "element-6066-11e4-a52e-4f735466cecf": "f.5020E64054BC68781E95A0365C95B527.d.8797F47DFE90723EE6811AA4E76E3F89.e.82530"
   } ],
   "script": "arguments[0].value='';"
}
[1733685437.607][INFO]: Waiting for pending navigations...
[1733685437.608][INFO]: Done waiting for pending navigations. Status: ok
[1733685437.610][INFO]: Waiting for pending navigations...
[1733685437.610][INFO]: Done waiting for pending navigations. Status: ok
[1733685437.610][INFO]: [26acfcf1f91c21b0f2854a8424f34562] RESPONSE ExecuteScript null
[1733685437.612][INFO]: [26acfcf1f91c21b0f2854a8424f34562] COMMAND TypeElement {
   "id": "f.5020E64054BC68781E95A0365C95B527.d.8797F47DFE90723EE6811AA4E76E3F89.e.82530",
   "text": "Crio INTV Task Automation is a test suite designed for automating various tasks on the Google Calendar web application",
   "value": [ "C", "r", "i", "o", " ", "I", "N", "T", "V", " ", "T", "a", "s", "k", " ", "A", "u", "t", "o", "m", "a", "t", "i", "o", "n", " ", "i", "s", " ", "a", " ", "t", "e", "s", "t", " ", "s", "u", "i", "t", "e", " ", "d", "e", "s", "i", "g", "n", "e", "d", " ", "f", "o", "r", " ", "a", "u", "t", "o", "m", "a", "t", "i", "n", "g", " ", "v", "a", "r", "i", "o", "u", "s", " ", "t", "a", "s", "k", "s", " ", "o", "n", " ", "t", "h", "e", " ", "G", "o", "o", "g", "l", "e", " ", "C", "a", "l", "e", "n", "d", "a", "r", " ", "w", "e", "b", " ", "a", "p", "p", "l", "i", "c", "a", "t", "i", "o", "n" ]
}
[1733685437.612][INFO]: Waiting for pending navigations...
[1733685437.612][INFO]: Done waiting for pending navigations. Status: ok
[1733685437.749][INFO]: Waiting for pending navigations...
[1733685437.751][INFO]: Done waiting for pending navigations. Status: ok
[1733685437.751][INFO]: [26acfcf1f91c21b0f2854a8424f34562] RESPONSE TypeElement
[1733685437.753][INFO]: [26acfcf1f91c21b0f2854a8424f34562] COMMAND FindElement {
   "using": "xpath",
   "value": "//*[@id=\"yDmH0d\"]/div[1]/div/div[2]/span/div/div[8]/div/button"
}
[1733685437.753][INFO]: Waiting for pending navigations...
[1733685437.754][INFO]: Done waiting for pending navigations. Status: ok
[1733685437.760][INFO]: Waiting for pending navigations...
[1733685437.760][INFO]: Done waiting for pending navigations. Status: ok
[1733685437.760][INFO]: [26acfcf1f91c21b0f2854a8424f34562] RESPONSE FindElement {
   "element-6066-11e4-a52e-4f735466cecf": "f.5020E64054BC68781E95A0365C95B527.d.8797F47DFE90723EE6811AA4E76E3F89.e.82533"
}
[1733685437.762][INFO]: [26acfcf1f91c21b0f2854a8424f34562] COMMAND ClickElement {
   "id": "f.5020E64054BC68781E95A0365C95B527.d.8797F47DFE90723EE6811AA4E76E3F89.e.82533"
}
[1733685437.762][INFO]: Waiting for pending navigations...
[1733685437.762][INFO]: Done waiting for pending navigations. Status: ok
[1733685437.793][INFO]: Waiting for pending navigations...
[1733685437.794][INFO]: Done waiting for pending navigations. Status: ok
[1733685437.794][INFO]: [26acfcf1f91c21b0f2854a8424f34562] RESPONSE ClickElement
[1733685438.806][INFO]: [26acfcf1f91c21b0f2854a8424f34562] COMMAND FindElement {
   "using": "xpath",
   "value": "//*[@id=\"YPCqFe\"]/div/div/div/div[2]/div[2]/div[3]/div/div[2]/div/div/div"
}
[1733685438.806][INFO]: Waiting for pending navigations...
[1733685438.806][INFO]: Done waiting for pending navigations. Status: ok
[1733685438.809][INFO]: Waiting for pending navigations...
[1733685438.810][INFO]: Done waiting for pending navigations. Status: ok
[1733685438.810][INFO]: [26acfcf1f91c21b0f2854a8424f34562] RESPONSE FindElement {
   "element-6066-11e4-a52e-4f735466cecf": "f.5020E64054BC68781E95A0365C95B527.d.8797F47DFE90723EE6811AA4E76E3F89.e.82519"
}
[1733685438.811][INFO]: [26acfcf1f91c21b0f2854a8424f34562] COMMAND ClickElement {
   "id": "f.5020E64054BC68781E95A0365C95B527.d.8797F47DFE90723EE6811AA4E76E3F89.e.82519"
}
[1733685438.811][INFO]: Waiting for pending navigations...
[1733685438.811][INFO]: Done waiting for pending navigations. Status: ok
[1733685438.839][INFO]: Waiting for pending navigations...
[1733685438.848][INFO]: Done waiting for pending navigations. Status: ok
[1733685438.848][INFO]: [26acfcf1f91c21b0f2854a8424f34562] RESPONSE ClickElement
[1733685439.861][INFO]: [26acfcf1f91c21b0f2854a8424f34562] COMMAND FindElement {
   "using": "xpath",
   "value": "/html/body/div[4]/div/div/div[2]/span/div/div[2]/div[3]/div[2]"
}
[1733685439.861][INFO]: Waiting for pending navigations...
[1733685439.862][INFO]: Done waiting for pending navigations. Status: ok
[1733685439.865][INFO]: Waiting for pending navigations...
[1733685439.865][INFO]: Done waiting for pending navigations. Status: ok
[1733685439.865][INFO]: [26acfcf1f91c21b0f2854a8424f34562] RESPONSE FindElement {
   "element-6066-11e4-a52e-4f735466cecf": "f.5020E64054BC68781E95A0365C95B527.d.8797F47DFE90723EE6811AA4E76E3F89.e.82535"
}
[1733685439.866][INFO]: [26acfcf1f91c21b0f2854a8424f34562] COMMAND GetElementText {
   "id": "f.5020E64054BC68781E95A0365C95B527.d.8797F47DFE90723EE6811AA4E76E3F89.e.82535"
}
[1733685439.866][INFO]: Waiting for pending navigations...
[1733685439.867][INFO]: Done waiting for pending navigations. Status: ok
[1733685439.870][INFO]: Waiting for pending navigations...
[1733685439.870][INFO]: Done waiting for pending navigations. Status: ok
[1733685439.870][INFO]: [26acfcf1f91c21b0f2854a8424f34562] RESPONSE GetElementText "Description:\nCrio INTV Task Automation is a test suite designed for automating various tasks on the Google Calendar web application"
[1733685439.871][INFO]: [26acfcf1f91c21b0f2854a8424f34562] COMMAND GetElementText {
   "id": "f.5020E64054BC68781E95A0365C95B527.d.8797F47DFE90723EE6811AA4E76E3F89.e.82535"
}
[1733685439.871][INFO]: Waiting for pending navigations...
[1733685439.871][INFO]: Done waiting for pending navigations. Status: ok
[1733685439.874][INFO]: Waiting for pending navigations...
[1733685439.875][INFO]: Done waiting for pending navigations. Status: ok
[1733685439.875][INFO]: [26acfcf1f91c21b0f2854a8424f34562] RESPONSE GetElementText "Description:\nCrio INTV Task Automation is a test suite designed for automating various tasks on the Google Calendar web application"
[1733685439.876][INFO]: [26acfcf1f91c21b0f2854a8424f34562] COMMAND Refresh {
}
[1733685439.876][INFO]: Waiting for pending navigations...
[1733685439.876][INFO]: Done waiting for pending navigations. Status: ok
[1733685439.880][INFO]: Waiting for pending navigations...
[1733685440.941][INFO]: Done waiting for pending navigations. Status: ok
[1733685440.941][INFO]: [26acfcf1f91c21b0f2854a8424f34562] RESPONSE Refresh
[1733685441.952][INFO]: [26acfcf1f91c21b0f2854a8424f34562] COMMAND FindElements {
   "using": "xpath",
   "value": "//*[@id=\"YPCqFe\"]/div/div/div/div[2]/div[2]/div[3]/div/div[2]/div/div"
}
[1733685441.952][INFO]: Waiting for pending navigations...
[1733685441.957][INFO]: Done waiting for pending navigations. Status: ok
[1733685441.971][INFO]: Waiting for pending navigations...
[1733685441.971][INFO]: Done waiting for pending navigations. Status: ok
[1733685441.971][INFO]: [26acfcf1f91c21b0f2854a8424f34562] RESPONSE FindElements [ {
   "element-6066-11e4-a52e-4f735466cecf": "f.5020E64054BC68781E95A0365C95B527.d.BB51BEE5EBC98CF536B8128BDFEBA3E8.e.82564"
} ]
[1733685441.973][INFO]: [26acfcf1f91c21b0f2854a8424f34562] COMMAND ClickElement {
   "id": "f.5020E64054BC68781E95A0365C95B527.d.BB51BEE5EBC98CF536B8128BDFEBA3E8.e.82564"
}
[1733685441.973][INFO]: Waiting for pending navigations...
[1733685441.973][INFO]: Done waiting for pending navigations. Status: ok
[1733685442.002][INFO]: Waiting for pending navigations...
[1733685442.005][INFO]: Done waiting for pending navigations. Status: ok
[1733685442.005][INFO]: [26acfcf1f91c21b0f2854a8424f34562] RESPONSE ClickElement
[1733685443.022][INFO]: [26acfcf1f91c21b0f2854a8424f34562] COMMAND FindElement {
   "using": "xpath",
   "value": "//button[@aria-label='Delete task']"
}
[1733685443.022][INFO]: Waiting for pending navigations...
[1733685443.022][INFO]: Done waiting for pending navigations. Status: ok
[1733685443.025][INFO]: Waiting for pending navigations...
[1733685443.025][INFO]: Done waiting for pending navigations. Status: ok
[1733685443.025][INFO]: [26acfcf1f91c21b0f2854a8424f34562] RESPONSE FindElement {
   "element-6066-11e4-a52e-4f735466cecf": "f.5020E64054BC68781E95A0365C95B527.d.BB51BEE5EBC98CF536B8128BDFEBA3E8.e.82566"
}
[1733685443.027][INFO]: [26acfcf1f91c21b0f2854a8424f34562] COMMAND ClickElement {
   "id": "f.5020E64054BC68781E95A0365C95B527.d.BB51BEE5EBC98CF536B8128BDFEBA3E8.e.82566"
}
[1733685443.027][INFO]: Waiting for pending navigations...
[1733685443.027][INFO]: Done waiting for pending navigations. Status: ok
[1733685443.062][INFO]: Waiting for pending navigations...
[1733685443.073][INFO]: Done waiting for pending navigations. Status: ok
[1733685443.073][INFO]: [26acfcf1f91c21b0f2854a8424f34562] RESPONSE ClickElement
[1733685444.077][INFO]: [26acfcf1f91c21b0f2854a8424f34562] COMMAND FindElement {
   "using": "xpath",
   "value": "//div[@class='VYTiVb']"
}
[1733685444.077][INFO]: Waiting for pending navigations...
[1733685444.077][INFO]: Done waiting for pending navigations. Status: ok
[1733685444.080][INFO]: Waiting for pending navigations...
[1733685444.081][INFO]: Done waiting for pending navigations. Status: ok
[1733685444.081][INFO]: [26acfcf1f91c21b0f2854a8424f34562] RESPONSE FindElement {
   "element-6066-11e4-a52e-4f735466cecf": "f.5020E64054BC68781E95A0365C95B527.d.BB51BEE5EBC98CF536B8128BDFEBA3E8.e.82567"
}
[1733685444.083][INFO]: [26acfcf1f91c21b0f2854a8424f34562] COMMAND ExecuteScript {
   "args": [ {
      "element-6066-11e4-a52e-4f735466cecf": "f.5020E64054BC68781E95A0365C95B527.d.BB51BEE5EBC98CF536B8128BDFEBA3E8.e.82567"
   } ],
   "script": "/* isDisplayed */return (function(){return (function(){var g=this||self;\nfunction aa(a){var b=typeof a;if(\"object\"==b)if(a){if(a instanceof Array)return\"array\";if(a instanceof Object)return b;var c=Object.prototype.toString.call(a);if(\"[object Window]\"==c)return\"object\";if(\"[object Array]\"==c||\"number\"==typeof a.length&&\"undefined\"!=typeof a.splice&&\"undefined\"!=typeof a.propertyIsEnumerable&&!a.propertyIsEnumerable(\"splice\"))return\"array\";if(\"[object Function]\"==c||\"undefined\"!=typeof a.call&&\"undefined\"!=typeof a.propertyIsEnumerable&&!a.propertyIsEnumerable(\"call\"))return\"function\"}else return\"null\";else if(\"function\"==\nb&&\"undefined\"==typeof a.call)return\"object\";return b}function ca(a,b){function c(){}c.prototype=b.prototype;a.prototype=new c;a.prototype.constructor=a};var da=Array.prototype.indexOf?function(a,b){return Array.prototype.indexOf.call(a,b,void 0)}:function(a,b){if(\"string\"===typeof a)return\"string\"!==typeof b||1!=b.length?-1:a.indexOf(b,0);for(var c=0;c\u003Ca.length;c++)if(c in a&&a[c]===b)return c;return-1},ea=Array.prototype.some?function(a,b){return Array.prototype.some.call(a,b,void 0)}:function(a,b){for(var c=a.length,e=\"string\"===typeof a?a.split(\"\"):a,d=0;d\u003Cc;d++)if(d in e&&b.call(void 0,e[d],d,a))return!0;return!1},fa=Array.prototype.every?function(a,\nb){return Array.prototype.every.call(a,b,void 0)}:function(a,b){for(var c=a.length,e=\"string\"===typeof a?a.split(\"\"):a,d=0;d\u003Cc;d++)if(d in e&&!b.call(void 0,e[d],d,a))return!1;return!0};var ha={aliceblue:\"#f0f8ff\",antiquewhite:\"#faebd7\",aqua:\"#00ffff\",aquamarine:\"#7fffd4\",azure:\"#f0ffff\",beige:\"#f5f5dc\",bisque:\"#ffe4c4\",black:\"#000000\",blanchedalmond:\"#ffebcd\",blue:\"#0000ff\",blueviolet:\"#8a2be2\",brown:\"#a52a2a\",burlywood:\"#deb887\",cadetblue:\"#5f9ea0\",chartreuse:\"#7fff00\",chocolate:\"#d2691e\",coral:\"#ff7f50\",cornflowerblue:\"#6495ed\",cornsilk:\"#fff8dc\",crimson:\"#dc143c\",cyan:\"#00ffff\",darkblue:\"#00008b\",darkcyan:\"#008b8b\",darkgoldenrod:\"#b8860b\",darkgray:\"#a9a9a9\",darkgreen:\"#006400\",\ndarkgrey:\"#a9a9a9\",darkkhaki:\"#bdb76b\",darkmagenta:\"#8b008b\",darkolivegreen:\"#556b2f\",darkorange:\"#ff8c00\",darkorchid:\"#9932cc\",darkred:\"#8b0000\",darksalmon:\"#e9967a\",darkseagreen:\"#8fbc8f\",darkslateblue:\"#483d8b\",darkslategray:\"#2f4f4f\",darkslategrey:\"#2f4f4f\",darkturquoise:\"#00ced1\",darkviolet:\"#9400d3\",deeppink:\"#ff1493\",deepskyblue:\"#00bfff\",dimgray:\"#696969\",dimgrey:\"#696969\",dodgerblue:\"#1e90ff\",firebrick:\"#b22222\",floralwhite:\"#fffaf0\",forestgreen:\"#228b22\",fuchsia:\"#ff00ff\",gainsboro:\"#dcdcdc\",\nghostwhite:\"#f8f8ff\",gold:\"#ffd700\",goldenrod:\"#daa520\",gray:\"#808080\",green:\"#008000\",greenyellow:\"#adff2f\",grey:\"#808080\",honeydew:\"#f0fff0\",hotpink:\"#ff69b4\",indianred:\"#cd5c5c\",indigo:\"#4b0082\",ivory:\"#fffff0\",khaki:\"#f0e68c\",lavender:\"#e6e6fa\",lavenderblush:\"#fff0f5\",lawngreen:\"#7cfc00\",lemonchiffon:\"#fffacd\",lightblue:\"#add8e6\",lightcoral:\"#f08080\",lightcyan:\"#e0ffff\",lightgoldenrodyellow:\"#fafad2\",lightgray:\"#d3d3d3\",lightgreen:\"#90ee90\",lightgrey:\"#d3d3d3\",lightpink:\"#ffb6c1\",lightsalmon:\"#ffa07a\",\nlightseagreen:\"#20b2aa\",lightskyblue:\"#87cefa\",lightslategray:\"#778899\",lightslategrey:\"#778899\",lightsteelblue:\"#b0c4de\",lightyellow:\"#ffffe0\",lime:\"#00ff00\",limegreen:\"#32cd32\",linen:\"#faf0e6\",magenta:\"#ff00ff\",maroon:\"#800000\",mediumaquamarine:\"#66cdaa\",mediumblue:\"#0000cd\",mediumorchid:\"#ba55d3\",mediumpurple:\"#9370db\",mediumseagreen:\"#3cb371\",mediumslateblue:\"#7b68ee\",mediumspringgreen:\"#00fa9a\",mediumturquoise:\"#48d1cc\",mediumvioletred:\"#c71585\",midnightblue:\"#191970\",mintcream:\"#f5fffa\",mistyrose:\"#ffe4e1\",\nmoccasin:\"#ffe4b5\",navajowhite:\"#ffdead\",navy:\"#000080\",oldlace:\"#fdf5e6\",olive:\"#808000\",olivedrab:\"#6b8e23\",orange:\"#ffa500\",orangered:\"#ff4500\",orchid:\"#da70d6\",palegoldenrod:\"#eee8aa\",palegreen:\"#98fb98\",paleturquoise:\"#afeeee\",palevioletred:\"#db7093\",papayawhip:\"#ffefd5\",peachpuff:\"#ffdab9\",peru:\"#cd853f\",pink:\"#ffc0cb\",plum:\"#dda0dd\",powderblue:\"#b0e0e6\",purple:\"#800080\",red:\"#ff0000\",rosybrown:\"#bc8f8f\",royalblue:\"#4169e1\",saddlebrown:\"#8b4513\",salmon:\"#fa8072\",sandybrown:\"#f4a460\",seagreen:\"#2e8b57\",\nseashell:\"#fff5ee\",sienna:\"#a0522d\",silver:\"#c0c0c0\",skyblue:\"#87ceeb\",slateblue:\"#6a5acd\",slategray:\"#708090\",slategrey:\"#708090\",snow:\"#fffafa\",springgreen:\"#00ff7f\",steelblue:\"#4682b4\",tan:\"#d2b48c\",teal:\"#008080\",thistle:\"#d8bfd8\",tomato:\"#ff6347\",turquoise:\"#40e0d0\",violet:\"#ee82ee\",wheat:\"#f5deb3\",white:\"#ffffff\",whitesmoke:\"#f5f5f5\",yellow:\"#ffff00\",yellowgreen:\"#9acd32\"};var ia=\"backgroundColor borderTopColor borderRightColor borderBottomColor borderLeftColor color outlineColor\".split(\" \"),ja=/#([0-9a-fA-F])([0-9a-fA-F])([0-9a-fA-F])/,ka=/^#(?:[0-9a-f]{3}){1,2}$/i,la=/^(?:rgba)?\\((\\d{1,3}),\\s?(\\d{1,3}),\\s?(\\d{1,3}),\\s?(0|1|0\\.\\d*)\\)$/i,ma=/^(?:rgb)?\\((0|[1-9]\\d{0,2}),\\s?(0|[1-9]\\d{0,2}),\\s?(0|[1-9]\\d{0,2})\\)$/i;function m(a,b){this.code=a;this.a=p[a]||r;this.message=b||\"\";a=this.a.replace(/((?:^|\\s+)[a-z])/g,function(c){return c.toUpperCase().replace(/^[\\s\\xa0]+/g,\"\")});b=a.length-5;if(0>b||a.indexOf(\"Error\",b)!=b)a+=\"Error\";this.name=a;a=Error(this.message);a.name=this.name;this.stack=a.stack||\"\"}ca(m,Error);var r=\"unknown error\",p={15:\"element not selectable\",11:\"element not visible\"};p[31]=r;p[30]=r;p[24]=\"invalid cookie domain\";p[29]=\"invalid element coordinates\";p[12]=\"invalid element state\";\np[32]=\"invalid selector\";p[51]=\"invalid selector\";p[52]=\"invalid selector\";p[17]=\"javascript error\";p[405]=\"unsupported operation\";p[34]=\"move target out of bounds\";p[27]=\"no such alert\";p[7]=\"no such element\";p[8]=\"no such frame\";p[23]=\"no such window\";p[28]=\"script timeout\";p[33]=\"session not created\";p[10]=\"stale element reference\";p[21]=\"timeout\";p[25]=\"unable to set cookie\";p[26]=\"unexpected alert open\";p[13]=r;p[9]=\"unknown command\";var u=String.prototype.trim?function(a){return a.trim()}:function(a){return/^[\\s\\xa0]*([\\s\\S]*?)[\\s\\xa0]*$/.exec(a)[1]};\nfunction na(a,b){var c=0;a=u(String(a)).split(\".\");b=u(String(b)).split(\".\");for(var e=Math.max(a.length,b.length),d=0;0==c&&d\u003Ce;d++){var f=a[d]||\"\",h=b[d]||\"\";do{f=/(\\d*)(\\D*)(.*)/.exec(f)||[\"\",\"\",\"\",\"\"];h=/(\\d*)(\\D*)(.*)/.exec(h)||[\"\",\"\",\"\",\"\"];if(0==f[0].length&&0==h[0].length)break;c=v(0==f[1].length?0:parseInt(f[1],10),0==h[1].length?0:parseInt(h[1],10))||v(0==f[2].length,0==h[2].length)||v(f[2],h[2]);f=f[3];h=h[3]}while(0==c)}return c}function v(a,b){return a\u003Cb?-1:a>b?1:0};var w;a:{var oa=g.navigator;if(oa){var sa=oa.userAgent;if(sa){w=sa;break a}}w=\"\"}function x(a){return-1!=w.indexOf(a)};function y(){return x(\"Firefox\")||x(\"FxiOS\")}function A(){return(x(\"Chrome\")||x(\"CriOS\"))&&!x(\"Edge\")};function ta(a){return String(a).replace(/\\-([a-z])/g,function(b,c){return c.toUpperCase()})};function B(){return x(\"iPhone\")&&!x(\"iPod\")&&!x(\"iPad\")};function ua(a,b){var c=va;return Object.prototype.hasOwnProperty.call(c,a)?c[a]:c[a]=b(a)};var wa=x(\"Opera\"),C=x(\"Trident\")||x(\"MSIE\"),xa=x(\"Edge\"),ya=x(\"Gecko\")&&!(-1!=w.toLowerCase().indexOf(\"webkit\")&&!x(\"Edge\"))&&!(x(\"Trident\")||x(\"MSIE\"))&&!x(\"Edge\"),za=-1!=w.toLowerCase().indexOf(\"webkit\")&&!x(\"Edge\");function Aa(){var a=g.document;return a?a.documentMode:void 0}var E;\na:{var F=\"\",G=function(){var a=w;if(ya)return/rv:([^\\);]+)(\\)|;)/.exec(a);if(xa)return/Edge\\/([\\d\\.]+)/.exec(a);if(C)return/\\b(?:MSIE|rv)[: ]([^\\);]+)(\\)|;)/.exec(a);if(za)return/WebKit\\/(\\S+)/.exec(a);if(wa)return/(?:Version)[ \\/]?(\\S+)/.exec(a)}();G&&(F=G?G[1]:\"\");if(C){var H=Aa();if(null!=H&&H>parseFloat(F)){E=String(H);break a}}E=F}var va={};function Ba(a){return ua(a,function(){return 0\u003C=na(E,a)})}var I;I=g.document&&C?Aa():void 0;var Ca=y(),Da=B()||x(\"iPod\"),Ea=x(\"iPad\"),Fa=x(\"Android\")&&!(A()||y()||x(\"Opera\")||x(\"Silk\")),Ga=A(),Ha=x(\"Safari\")&&!(A()||x(\"Coast\")||x(\"Opera\")||x(\"Edge\")||x(\"Edg/\")||x(\"OPR\")||y()||x(\"Silk\")||x(\"Android\"))&&!(B()||x(\"iPad\")||x(\"iPod\"));function J(a){return(a=a.exec(w))?a[1]:\"\"}(function(){if(Ca)return J(/Firefox\\/([0-9.]+)/);if(C||xa||wa)return E;if(Ga)return B()||x(\"iPad\")||x(\"iPod\")?J(/CriOS\\/([0-9.]+)/):J(/Chrome\\/([0-9.]+)/);if(Ha&&!(B()||x(\"iPad\")||x(\"iPod\")))return J(/Version\\/([0-9.]+)/);if(Da||Ea){var a=/Version\\/(\\S+).*Mobile\\/(\\S+)/.exec(w);if(a)return a[1]+\".\"+a[2]}else if(Fa)return(a=J(/Android\\s+([0-9.]+)/))?a:J(/Version\\/([0-9.]+)/);return\"\"})();var K;if(K=C)K=!(9\u003C=Number(I));var Ia=K;function L(a,b){this.x=void 0!==a?a:0;this.y=void 0!==b?b:0}L.prototype.ceil=function(){this.x=Math.ceil(this.x);this.y=Math.ceil(this.y);return this};L.prototype.floor=function(){this.x=Math.floor(this.x);this.y=Math.floor(this.y);return this};L.prototype.round=function(){this.x=Math.round(this.x);this.y=Math.round(this.y);return this};function M(a,b){this.width=a;this.height=b}M.prototype.aspectRatio=function(){return this.width/this.height};M.prototype.ceil=function(){this.width=Math.ceil(this.width);this.height=Math.ceil(this.height);return this};M.prototype.floor=function(){this.width=Math.floor(this.width);this.height=Math.floor(this.height);return this};M.prototype.round=function(){this.width=Math.round(this.width);this.height=Math.round(this.height);return this};function N(a){return 9==a.nodeType?a:a.ownerDocument||a.document}function Ja(a,b){a&&(a=a.parentNode);for(var c=0;a;){if(b(a))return a;a=a.parentNode;c++}return null}function Ka(a){this.a=a||g.document||document};function P(a,b){b&&\"string\"!==typeof b&&(b=b.toString());return!!a&&1==a.nodeType&&(!b||a.tagName.toUpperCase()==b)};function Q(a,b,c,e){this.f=a;this.a=b;this.b=c;this.c=e}Q.prototype.ceil=function(){this.f=Math.ceil(this.f);this.a=Math.ceil(this.a);this.b=Math.ceil(this.b);this.c=Math.ceil(this.c);return this};Q.prototype.floor=function(){this.f=Math.floor(this.f);this.a=Math.floor(this.a);this.b=Math.floor(this.b);this.c=Math.floor(this.c);return this};Q.prototype.round=function(){this.f=Math.round(this.f);this.a=Math.round(this.a);this.b=Math.round(this.b);this.c=Math.round(this.c);return this};function R(a,b,c,e){this.a=a;this.b=b;this.width=c;this.height=e}R.prototype.ceil=function(){this.a=Math.ceil(this.a);this.b=Math.ceil(this.b);this.width=Math.ceil(this.width);this.height=Math.ceil(this.height);return this};R.prototype.floor=function(){this.a=Math.floor(this.a);this.b=Math.floor(this.b);this.width=Math.floor(this.width);this.height=Math.floor(this.height);return this};\nR.prototype.round=function(){this.a=Math.round(this.a);this.b=Math.round(this.b);this.width=Math.round(this.width);this.height=Math.round(this.height);return this};var La=\"function\"===typeof ShadowRoot;function S(a){for(a=a.parentNode;a&&1!=a.nodeType&&9!=a.nodeType&&11!=a.nodeType;)a=a.parentNode;return P(a)?a:null}\nfunction T(a,b){b=ta(b);if(\"float\"==b||\"cssFloat\"==b||\"styleFloat\"==b)b=Ia?\"styleFloat\":\"cssFloat\";a:{var c=b;var e=N(a);if(e.defaultView&&e.defaultView.getComputedStyle&&(e=e.defaultView.getComputedStyle(a,null))){c=e[c]||e.getPropertyValue(c)||\"\";break a}c=\"\"}a=c||Ma(a,b);if(null===a)a=null;else if(0\u003C=da(ia,b)){b:{var d=a.match(la);if(d&&(b=Number(d[1]),c=Number(d[2]),e=Number(d[3]),d=Number(d[4]),0\u003C=b&&255>=b&&0\u003C=c&&255>=c&&0\u003C=e&&255>=e&&0\u003C=d&&1>=d)){b=[b,c,e,d];break b}b=null}if(!b)b:{if(e=a.match(ma))if(b=\nNumber(e[1]),c=Number(e[2]),e=Number(e[3]),0\u003C=b&&255>=b&&0\u003C=c&&255>=c&&0\u003C=e&&255>=e){b=[b,c,e,1];break b}b=null}if(!b)b:{b=a.toLowerCase();c=ha[b.toLowerCase()];if(!c&&(c=\"#\"==b.charAt(0)?b:\"#\"+b,4==c.length&&(c=c.replace(ja,\"#$1$1$2$2$3$3\")),!ka.test(c))){b=null;break b}b=[parseInt(c.substr(1,2),16),parseInt(c.substr(3,2),16),parseInt(c.substr(5,2),16),1]}a=b?\"rgba(\"+b.join(\", \")+\")\":a}return a}\nfunction Ma(a,b){var c=a.currentStyle||a.style,e=c[b];void 0===e&&\"function\"==aa(c.getPropertyValue)&&(e=c.getPropertyValue(b));return\"inherit\"!=e?void 0!==e?e:null:(a=S(a))?Ma(a,b):null}\nfunction U(a,b,c){function e(h){var n=V(h);return 0\u003Cn.height&&0\u003Cn.width?!0:P(h,\"PATH\")&&(0\u003Cn.height||0\u003Cn.width)?(h=T(h,\"stroke-width\"),!!h&&0\u003CparseInt(h,10)):\"hidden\"!=T(h,\"overflow\")&&ea(h.childNodes,function(D){return 3==D.nodeType||P(D)&&e(D)})}function d(h){return Na(h)==W&&fa(h.childNodes,function(n){return!P(n)||d(n)||!e(n)})}if(!P(a))throw Error(\"Argument to isShown must be of type Element\");if(P(a,\"BODY\"))return!0;if(P(a,\"OPTION\")||P(a,\"OPTGROUP\"))return a=Ja(a,function(h){return P(h,\"SELECT\")}),\n!!a&&U(a,!0,c);var f=Oa(a);if(f)return!!f.image&&0\u003Cf.rect.width&&0\u003Cf.rect.height&&U(f.image,b,c);if(P(a,\"INPUT\")&&\"hidden\"==a.type.toLowerCase()||P(a,\"NOSCRIPT\"))return!1;f=T(a,\"visibility\");return\"collapse\"!=f&&\"hidden\"!=f&&c(a)&&(b||0!=Pa(a))&&e(a)?!d(a):!1}var W=\"hidden\";\nfunction Na(a){function b(k){function l(ba){if(ba==h)return!0;var pa=T(ba,\"display\");return 0==pa.lastIndexOf(\"inline\",0)||\"contents\"==pa||\"absolute\"==qa&&\"static\"==T(ba,\"position\")?!1:!0}var qa=T(k,\"position\");if(\"fixed\"==qa)return ra=!0,k==h?null:h;for(k=S(k);k&&!l(k);)k=S(k);return k}function c(k){var l=k;if(\"visible\"==D)if(k==h&&n)l=n;else if(k==n)return{x:\"visible\",y:\"visible\"};l={x:T(l,\"overflow-x\"),y:T(l,\"overflow-y\")};k==h&&(l.x=\"visible\"==l.x?\"auto\":l.x,l.y=\"visible\"==l.y?\"auto\":l.y);return l}\nfunction e(k){if(k==h){var l=(new Ka(f)).a;k=l.scrollingElement?l.scrollingElement:za||\"CSS1Compat\"!=l.compatMode?l.body||l.documentElement:l.documentElement;l=l.parentWindow||l.defaultView;k=C&&Ba(\"10\")&&l.pageYOffset!=k.scrollTop?new L(k.scrollLeft,k.scrollTop):new L(l.pageXOffset||k.scrollLeft,l.pageYOffset||k.scrollTop)}else k=new L(k.scrollLeft,k.scrollTop);return k}var d=Qa(a),f=N(a),h=f.documentElement,n=f.body,D=T(h,\"overflow\"),ra;for(a=b(a);a;a=b(a)){var q=c(a);if(\"visible\"!=q.x||\"visible\"!=\nq.y){var t=V(a);if(0==t.width||0==t.height)return W;var z=d.a\u003Ct.a,O=d.b\u003Ct.b;if(z&&\"hidden\"==q.x||O&&\"hidden\"==q.y)return W;if(z&&\"visible\"!=q.x||O&&\"visible\"!=q.y){z=e(a);O=d.b\u003Ct.b-z.y;if(d.a\u003Ct.a-z.x&&\"visible\"!=q.x||O&&\"visible\"!=q.x)return W;d=Na(a);return d==W?W:\"scroll\"}z=d.c>=t.a+t.width;t=d.f>=t.b+t.height;if(z&&\"hidden\"==q.x||t&&\"hidden\"==q.y)return W;if(z&&\"visible\"!=q.x||t&&\"visible\"!=q.y){if(ra&&(q=e(a),d.c>=h.scrollWidth-q.x||d.a>=h.scrollHeight-q.y))return W;d=Na(a);return d==W?W:\"scroll\"}}}return\"none\"}\nfunction V(a){var b=Oa(a);if(b)return b.rect;if(P(a,\"HTML\"))return a=N(a),a=((a?a.parentWindow||a.defaultView:window)||window).document,a=\"CSS1Compat\"==a.compatMode?a.documentElement:a.body,a=new M(a.clientWidth,a.clientHeight),new R(0,0,a.width,a.height);try{var c=a.getBoundingClientRect()}catch(e){return new R(0,0,0,0)}b=new R(c.left,c.top,c.right-c.left,c.bottom-c.top);C&&a.ownerDocument.body&&(a=N(a),b.a-=a.documentElement.clientLeft+a.body.clientLeft,b.b-=a.documentElement.clientTop+a.body.clientTop);\nreturn b}\nfunction Oa(a){var b=P(a,\"MAP\");if(!b&&!P(a,\"AREA\"))return null;var c=b?a:P(a.parentNode,\"MAP\")?a.parentNode:null,e=null,d=null;if(c&&c.name){e='*[usemap=\"#'+c.name+'\"]';c=N(c);var f;if(f=\"function\"!=aa(c.querySelector)&&C&&(C?0\u003C=na(I,8):Ba(8))){f=c.querySelector;var h=typeof f;f=!(\"object\"==h&&null!=f||\"function\"==h)}if(f)throw Error(\"CSS selection is not supported\");if(!e)throw new m(32,\"No selector specified\");e=u(e);try{var n=c.querySelector(e)}catch(D){throw new m(32,\"An invalid or illegal selector was specified\");}if(e=\nn&&1==n.nodeType?n:null)d=V(e),b||\"default\"==a.shape.toLowerCase()||(a=Ra(a),b=Math.min(Math.max(a.a,0),d.width),n=Math.min(Math.max(a.b,0),d.height),d=new R(b+d.a,n+d.b,Math.min(a.width,d.width-b),Math.min(a.height,d.height-n)))}return{image:e,rect:d||new R(0,0,0,0)}}\nfunction Ra(a){var b=a.shape.toLowerCase();a=a.coords.split(\",\");if(\"rect\"==b&&4==a.length){b=a[0];var c=a[1];return new R(b,c,a[2]-b,a[3]-c)}if(\"circle\"==b&&3==a.length)return b=a[2],new R(a[0]-b,a[1]-b,2*b,2*b);if(\"poly\"==b&&2\u003Ca.length){b=a[0];c=a[1];for(var e=b,d=c,f=2;f+1\u003Ca.length;f+=2)b=Math.min(b,a[f]),e=Math.max(e,a[f]),c=Math.min(c,a[f+1]),d=Math.max(d,a[f+1]);return new R(b,c,e-b,d-c)}return new R(0,0,0,0)}function Qa(a){a=V(a);return new Q(a.b,a.a+a.width,a.b+a.height,a.a)}\nfunction Pa(a){if(Ia){if(\"relative\"==T(a,\"position\"))return 1;a=T(a,\"filter\");return(a=a.match(/^alpha\\(opacity=(\\d*)\\)/)||a.match(/^progid:DXImageTransform.Microsoft.Alpha\\(Opacity=(\\d*)\\)/))?Number(a[1])/100:1}return Sa(a)}function Sa(a){var b=1,c=T(a,\"opacity\");c&&(b=Number(c));(a=S(a))&&(b*=Sa(a));return b};function Ta(a,b){function c(e){if(P(e)&&\"none\"==T(e,\"display\"))return!1;var d;if((d=e.parentNode)&&d.shadowRoot&&void 0!==e.assignedSlot)d=e.assignedSlot?e.assignedSlot.parentNode:null;else if(e.getDestinationInsertionPoints){var f=e.getDestinationInsertionPoints();0\u003Cf.length&&(d=f[f.length-1])}if(La&&d instanceof ShadowRoot){if(d.host.shadowRoot&&d.host.shadowRoot!==d)return!1;d=d.host}return!d||9!=d.nodeType&&11!=d.nodeType?d&&P(d,\"DETAILS\")&&!d.open&&!P(e,\"SUMMARY\")?!1:!!d&&c(d):!0}return U(a,\n!!b,c)}var X=[\"_\"],Y=g;X[0]in Y||\"undefined\"==typeof Y.execScript||Y.execScript(\"var \"+X[0]);for(var Z;X.length&&(Z=X.shift());)X.length||void 0===Ta?Y[Z]&&Y[Z]!==Object.prototype[Z]?Y=Y[Z]:Y=Y[Z]={}:Y[Z]=Ta;; return this._.apply(null,arguments);}).apply({navigator:typeof window!='undefined'?window.navigator:null,document:typeof window!='undefined'?window.document:null}, arguments);}\n).apply(null, arguments);"
}
[1733685444.083][INFO]: Waiting for pending navigations...
[1733685444.083][INFO]: Done waiting for pending navigations. Status: ok
[1733685444.085][INFO]: Waiting for pending navigations...
[1733685444.086][INFO]: Done waiting for pending navigations. Status: ok
[1733685444.086][INFO]: [26acfcf1f91c21b0f2854a8424f34562] RESPONSE ExecuteScript true
[1733685444.086][INFO]: [26acfcf1f91c21b0f2854a8424f34562] COMMAND GetElementText {
   "id": "f.5020E64054BC68781E95A0365C95B527.d.BB51BEE5EBC98CF536B8128BDFEBA3E8.e.82567"
}
[1733685444.086][INFO]: Waiting for pending navigations...
[1733685444.087][INFO]: Done waiting for pending navigations. Status: ok
[1733685444.090][INFO]: Waiting for pending navigations...
[1733685444.090][INFO]: Done waiting for pending navigations. Status: ok
[1733685444.090][INFO]: [26acfcf1f91c21b0f2854a8424f34562] RESPONSE GetElementText "Task deleted"
[1733685444.091][INFO]: [26acfcf1f91c21b0f2854a8424f34562] COMMAND GetElementText {
   "id": "f.5020E64054BC68781E95A0365C95B527.d.BB51BEE5EBC98CF536B8128BDFEBA3E8.e.82567"
}
[1733685444.091][INFO]: Waiting for pending navigations...
[1733685444.091][INFO]: Done waiting for pending navigations. Status: ok
[1733685444.094][INFO]: Waiting for pending navigations...
[1733685444.094][INFO]: Done waiting for pending navigations. Status: ok
[1733685444.094][INFO]: [26acfcf1f91c21b0f2854a8424f34562] RESPONSE GetElementText "Task deleted"
